\BOOKMARK [1][-]{section.1}{Identification and Significance of the Problem or Opportunity, and Technical Approach}{}% 1
\BOOKMARK [2][-]{subsection.1.1}{Identification and Significance}{section.1}% 2
\BOOKMARK [3][-]{subsubsection.1.1.1}{The SASI Framework}{subsection.1.1}% 3
\BOOKMARK [3][-]{subsubsection.1.1.2}{SolverSelector: Automatic Solver Selection for Linear Solvers}{subsection.1.1}% 4
\BOOKMARK [3][-]{subsubsection.1.1.3}{SASI}{subsection.1.1}% 5
\BOOKMARK [1][-]{section.2}{Anticipated Public Benefits}{}% 6
\BOOKMARK [1][-]{section.3}{Technical Objectives}{}% 7
\BOOKMARK [1][-]{section.4}{Work Plan}{}% 8
\BOOKMARK [1][-]{section.5}{Performance Schedule and Task Plan}{}% 9
\BOOKMARK [2][-]{subsection.5.1}{Task 1: }{section.5}% 10
\BOOKMARK [2][-]{subsection.5.2}{Task 2: }{section.5}% 11
\BOOKMARK [2][-]{subsection.5.3}{Task 3: }{section.5}% 12
\BOOKMARK [1][-]{section.6}{Related Work}{}% 13
\BOOKMARK [2][-]{subsection.6.1}{Verification and Validation Toolkit for Nuclear Engineering Simulations}{section.6}% 14
\BOOKMARK [2][-]{subsection.6.2}{Cloud-based Scientific Workbench for Nuclear Reactor Simulation Life Cycle Management}{section.6}% 15
\BOOKMARK [2][-]{subsection.6.3}{Scaling the PETSc Numerical Library to Petascale Architectures}{section.6}% 16
\BOOKMARK [2][-]{subsection.6.4}{A Map-Reduce Like Data-Intensive Processing Framework for Native Data Storage}{section.6}% 17
\BOOKMARK [1][-]{section.7}{Principal Investigator and other Key Personnel}{}% 18
\BOOKMARK [2][-]{subsection.7.1}{Ben O'Neill}{section.7}% 19
\BOOKMARK [2][-]{subsection.7.2}{Dr. Gerald Sabin, Principal Investigator}{section.7}% 20
\BOOKMARK [1][-]{section.8}{Facilities/Equipment}{}% 21
\BOOKMARK [2][-]{subsection.8.1}{University of Oregon}{section.8}% 22
\BOOKMARK [1][-]{section.9}{Other Consultants and Subcontractors}{}% 23
