This is pdfTeX, Version 3.14159265-2.6-1.40.18 (TeX Live 2017/Debian) (preloaded format=pdflatex 2018.10.11)  13 OCT 2018 21:40
entering extended mode
 restricted \write18 enabled.
 %&-line parsing enabled.
**Narrative.tex
(./Narrative.tex
LaTeX2e <2017-04-15>
Babel <3.18> and hyphenation patterns for 7 language(s) loaded.
(/usr/share/texlive/texmf-dist/tex/latex/base/article.cls
Document Class: article 2014/09/29 v1.4h Standard LaTeX document class
(/usr/share/texlive/texmf-dist/tex/latex/base/size12.clo
File: size12.clo 2014/09/29 v1.4h Standard LaTeX file (size option)
)
\c@part=\count79
\c@section=\count80
\c@subsection=\count81
\c@subsubsection=\count82
\c@paragraph=\count83
\c@subparagraph=\count84
\c@figure=\count85
\c@table=\count86
\abovecaptionskip=\skip41
\belowcaptionskip=\skip42
\bibindent=\dimen102
)
(./style/packages.tex
(/usr/share/texlive/texmf-dist/tex/latex/graphics/graphicx.sty
Package: graphicx 2017/06/01 v1.1a Enhanced LaTeX Graphics (DPC,SPQR)

(/usr/share/texlive/texmf-dist/tex/latex/graphics/keyval.sty
Package: keyval 2014/10/28 v1.15 key=value parser (DPC)
\KV@toks@=\toks14
)
(/usr/share/texlive/texmf-dist/tex/latex/graphics/graphics.sty
Package: graphics 2017/06/25 v1.2c Standard LaTeX Graphics (DPC,SPQR)

(/usr/share/texlive/texmf-dist/tex/latex/graphics/trig.sty
Package: trig 2016/01/03 v1.10 sin cos tan (DPC)
)
(/usr/share/texlive/texmf-dist/tex/latex/graphics-cfg/graphics.cfg
File: graphics.cfg 2016/06/04 v1.11 sample graphics configuration
)
Package graphics Info: Driver file: dvips.def on input line 99.

(/usr/share/texlive/texmf-dist/tex/latex/graphics-def/dvips.def
File: dvips.def 2017/06/20 v3.1d Graphics/color driver for dvips
))
\Gin@req@height=\dimen103
\Gin@req@width=\dimen104
)
(/usr/share/texlive/texmf-dist/tex/latex/tools/afterpage.sty
Package: afterpage 2014/10/28 v1.08 After-Page Package (DPC)
\AP@output=\toks15
\AP@partial=\box26
\AP@footins=\box27
)
(/usr/share/texlive/texmf-dist/tex/latex/psnfss/times.sty
Package: times 2005/04/12 PSNFSS-v9.2a (SPQR) 
)
(/usr/share/texlive/texmf-dist/tex/latex/graphics/epsfig.sty
Package: epsfig 2017/06/25 v1.7b (e)psfig emulation (SPQR)
\epsfxsize=\dimen105
\epsfysize=\dimen106
)
(/usr/share/texlive/texmf-dist/tex/latex/multirow/multirow.sty
Package: multirow 2016/11/25 v2.2 Span multiple rows of a table
\multirow@colwidth=\skip43
\multirow@cntb=\count87
\multirow@dima=\skip44
\bigstrutjot=\dimen107
)
(/usr/share/texlive/texmf-dist/tex/latex/graphics/color.sty
Package: color 2016/07/10 v1.1e Standard LaTeX Color (DPC)

(/usr/share/texlive/texmf-dist/tex/latex/graphics-cfg/color.cfg
File: color.cfg 2016/01/02 v1.6 sample color configuration
)
Package color Info: Driver file: pdftex.def on input line 147.

(/usr/share/texlive/texmf-dist/tex/latex/graphics-def/pdftex.def
File: pdftex.def 2018/01/08 v1.0l Graphics/color driver for pdftex
)
(/usr/share/texlive/texmf-dist/tex/latex/graphics/dvipsnam.def
File: dvipsnam.def 2016/06/17 v3.0m Driver-dependent file (DPC,SPQR)
))
(/usr/share/texlive/texmf-dist/tex/latex/hyperref/hyperref.sty
Package: hyperref 2018/02/06 v6.86b Hypertext links for LaTeX

(/usr/share/texlive/texmf-dist/tex/generic/oberdiek/hobsub-hyperref.sty
Package: hobsub-hyperref 2016/05/16 v1.14 Bundle oberdiek, subset hyperref (HO)


(/usr/share/texlive/texmf-dist/tex/generic/oberdiek/hobsub-generic.sty
Package: hobsub-generic 2016/05/16 v1.14 Bundle oberdiek, subset generic (HO)
Package: hobsub 2016/05/16 v1.14 Construct package bundles (HO)
Package: infwarerr 2016/05/16 v1.4 Providing info/warning/error messages (HO)
Package: ltxcmds 2016/05/16 v1.23 LaTeX kernel commands for general use (HO)
Package: ifluatex 2016/05/16 v1.4 Provides the ifluatex switch (HO)
Package ifluatex Info: LuaTeX not detected.
Package: ifvtex 2016/05/16 v1.6 Detect VTeX and its facilities (HO)
Package ifvtex Info: VTeX not detected.
Package: intcalc 2016/05/16 v1.2 Expandable calculations with integers (HO)
Package: ifpdf 2017/03/15 v3.2 Provides the ifpdf switch
Package: etexcmds 2016/05/16 v1.6 Avoid name clashes with e-TeX commands (HO)
Package etexcmds Info: Could not find \expanded.
(etexcmds)             That can mean that you are not using pdfTeX 1.50 or
(etexcmds)             that some package has redefined \expanded.
(etexcmds)             In the latter case, load this package earlier.
Package: kvsetkeys 2016/05/16 v1.17 Key value parser (HO)
Package: kvdefinekeys 2016/05/16 v1.4 Define keys (HO)
Package: pdftexcmds 2018/01/21 v0.26 Utility functions of pdfTeX for LuaTeX (HO
)
Package pdftexcmds Info: LuaTeX not detected.
Package pdftexcmds Info: \pdf@primitive is available.
Package pdftexcmds Info: \pdf@ifprimitive is available.
Package pdftexcmds Info: \pdfdraftmode found.
Package: pdfescape 2016/05/16 v1.14 Implements pdfTeX's escape features (HO)
Package: bigintcalc 2016/05/16 v1.4 Expandable calculations on big integers (HO
)
Package: bitset 2016/05/16 v1.2 Handle bit-vector datatype (HO)
Package: uniquecounter 2016/05/16 v1.3 Provide unlimited unique counter (HO)
)
Package hobsub Info: Skipping package `hobsub' (already loaded).
Package: letltxmacro 2016/05/16 v1.5 Let assignment for LaTeX macros (HO)
Package: hopatch 2016/05/16 v1.3 Wrapper for package hooks (HO)
Package: xcolor-patch 2016/05/16 xcolor patch
Package: atveryend 2016/05/16 v1.9 Hooks at the very end of document (HO)
Package atveryend Info: \AP@enddocument detected (standard20110627).
Package: atbegshi 2016/06/09 v1.18 At begin shipout hook (HO)
Package: refcount 2016/05/16 v3.5 Data extraction from label references (HO)
Package: hycolor 2016/05/16 v1.8 Color options for hyperref/bookmark (HO)
)
(/usr/share/texlive/texmf-dist/tex/generic/ifxetex/ifxetex.sty
Package: ifxetex 2010/09/12 v0.6 Provides ifxetex conditional
)
(/usr/share/texlive/texmf-dist/tex/latex/oberdiek/auxhook.sty
Package: auxhook 2016/05/16 v1.4 Hooks for auxiliary files (HO)
)
(/usr/share/texlive/texmf-dist/tex/latex/oberdiek/kvoptions.sty
Package: kvoptions 2016/05/16 v3.12 Key value format for package options (HO)
)
\@linkdim=\dimen108
\Hy@linkcounter=\count88
\Hy@pagecounter=\count89

(/usr/share/texlive/texmf-dist/tex/latex/hyperref/pd1enc.def
File: pd1enc.def 2018/02/06 v6.86b Hyperref: PDFDocEncoding definition (HO)
)
\Hy@SavedSpaceFactor=\count90

(/usr/share/texlive/texmf-dist/tex/latex/latexconfig/hyperref.cfg
File: hyperref.cfg 2002/06/06 v1.2 hyperref configuration of TeXLive
)
Package hyperref Info: Option `breaklinks' set `true' on input line 4383.
Package hyperref Info: Option `colorlinks' set `true' on input line 4383.
Package hyperref Info: Hyper figures OFF on input line 4509.
Package hyperref Info: Link nesting OFF on input line 4514.
Package hyperref Info: Hyper index ON on input line 4517.
Package hyperref Info: Plain pages OFF on input line 4524.
Package hyperref Info: Backreferencing OFF on input line 4529.
Package hyperref Info: Implicit mode ON; LaTeX internals redefined.
Package hyperref Info: Bookmarks ON on input line 4762.
\c@Hy@tempcnt=\count91

(/usr/share/texlive/texmf-dist/tex/latex/url/url.sty
\Urlmuskip=\muskip10
Package: url 2013/09/16  ver 3.4  Verb mode for urls, etc.
)
LaTeX Info: Redefining \url on input line 5115.
\XeTeXLinkMargin=\dimen109
\Fld@menulength=\count92
\Field@Width=\dimen110
\Fld@charsize=\dimen111
Package hyperref Info: Hyper figures OFF on input line 6369.
Package hyperref Info: Link nesting OFF on input line 6374.
Package hyperref Info: Hyper index ON on input line 6377.
Package hyperref Info: backreferencing OFF on input line 6384.
Package hyperref Info: Link coloring ON on input line 6387.
Package hyperref Info: Link coloring with OCG OFF on input line 6394.
Package hyperref Info: PDF/A mode OFF on input line 6399.
LaTeX Info: Redefining \ref on input line 6439.
LaTeX Info: Redefining \pageref on input line 6443.
\Hy@abspage=\count93
\c@Item=\count94
\c@Hfootnote=\count95
)
Package hyperref Info: Driver (autodetected): hpdftex.

(/usr/share/texlive/texmf-dist/tex/latex/hyperref/hpdftex.def
File: hpdftex.def 2018/02/06 v6.86b Hyperref driver for pdfTeX
\Fld@listcount=\count96
\c@bookmark@seq@number=\count97

(/usr/share/texlive/texmf-dist/tex/latex/oberdiek/rerunfilecheck.sty
Package: rerunfilecheck 2016/05/16 v1.8 Rerun checks for auxiliary files (HO)
Package uniquecounter Info: New unique counter `rerunfilecheck' on input line 2
82.
)
\Hy@SectionHShift=\skip45
)
(./style/breakurl.sty
Package: breakurl 2005/09/23 v1.10 Breakable hyperref URLs
 (./style/xkeyval.sty
Package: xkeyval 2005/01/30 v2.0 package option processing (HA)
 (./style/xkeyval.tex
\XKV@toks=\toks16
File: xkeyval.tex 2005/01/30 v2.0 key=value parser (HA)
))
\burl@toks=\toks17


Package breakurl Warning: You are using breakurl while processing via pdflatex.

\burl will be just a synonym of \url.
 on input line 115.

) (/usr/share/texlive/texmf-dist/tex/latex/subfigure/subfigure.sty
Package: subfigure 2002/03/15 v2.1.5 subfigure package
\subfigtopskip=\skip46
\subfigcapskip=\skip47
\subfigcaptopadj=\dimen112
\subfigbottomskip=\skip48
\subfigcapmargin=\dimen113
\subfiglabelskip=\skip49
\c@subfigure=\count98
\c@lofdepth=\count99
\c@subtable=\count100
\c@lotdepth=\count101

****************************************
* Local config file subfigure.cfg used *
****************************************
(/usr/share/texlive/texmf-dist/tex/latex/subfigure/subfigure.cfg)
\subfig@top=\skip50
\subfig@bottom=\skip51
)
(./style/tweaklist.sty)
(/usr/share/texlive/texmf-dist/tex/latex/natbib/natbib.sty
Package: natbib 2010/09/13 8.31b (PWD, AO)
\bibhang=\skip52
\bibsep=\skip53
LaTeX Info: Redefining \cite on input line 694.
\c@NAT@ctr=\count102
)
(./style/natbibspacing.sty
\bibspacing=\dimen114
)
(/usr/share/texlive/texmf-dist/tex/latex/float/float.sty
Package: float 2001/11/08 v1.3d Float enhancements (AL)
\c@float@type=\count103
\float@exts=\toks18
\float@box=\box28
\@float@everytoks=\toks19
\@floatcapt=\box29
)
(/usr/share/texlive/texmf-dist/tex/latex/fancyvrb/fancyvrb.sty
Package: fancyvrb 2008/02/07

Style option: `fancyvrb' v2.7a, with DG/SPQR fixes, and firstline=lastline fix 
<2008/02/07> (tvz)
\FV@CodeLineNo=\count104
\FV@InFile=\read1
\FV@TabBox=\box30
\c@FancyVerbLine=\count105
\FV@StepNumber=\count106
\FV@OutFile=\write3
)
(/usr/share/texlive/texmf-dist/tex/latex/enumitem/enumitem.sty
Package: enumitem 2011/09/28 v3.5.2 Customized lists
\labelindent=\skip54
\enit@outerparindent=\dimen115
\enit@toks=\toks20
\enit@inbox=\box31
\enitdp@description=\count107
)) (./header.tex
(/usr/share/texlive/texmf-dist/tex/latex/vmargin/vmargin.sty
Package: vmargin 2004/07/15 V2.5 set document margins (VK)

Package: vmargin 2004/07/15 V2.5 set document margins (VK)
\PaperWidth=\dimen116
\PaperHeight=\dimen117
) (./style/margins.tex
(/usr/share/texlive/texmf-dist/tex/latex/geometry/geometry.sty
Package: geometry 2010/09/12 v5.6 Page Geometry
\Gm@cnth=\count108
\Gm@cntv=\count109
\c@Gm@tempcnt=\count110
\Gm@bindingoffset=\dimen118
\Gm@wd@mp=\dimen119
\Gm@odd@mp=\dimen120
\Gm@even@mp=\dimen121
\Gm@layoutwidth=\dimen122
\Gm@layoutheight=\dimen123
\Gm@layouthoffset=\dimen124
\Gm@layoutvoffset=\dimen125
\Gm@dimlist=\toks21
)
(/usr/share/texlive/texmf-dist/tex/latex/fancyhdr/fancyhdr.sty
Package: fancyhdr 2017/06/30 v3.9a Extensive control of page headers and footer
s
\f@nch@headwidth=\skip55
\f@nch@O@elh=\skip56
\f@nch@O@erh=\skip57
\f@nch@O@olh=\skip58
\f@nch@O@orh=\skip59
\f@nch@O@elf=\skip60
\f@nch@O@erf=\skip61
\f@nch@O@olf=\skip62
\f@nch@O@orf=\skip63
))
(/usr/share/texlive/texmf-dist/tex/latex/wrapfig/wrapfig.sty
\wrapoverhang=\dimen126
\WF@size=\dimen127
\c@WF@wrappedlines=\count111
\WF@box=\box32
\WF@everypar=\toks22
Package: wrapfig 2003/01/31  v 3.6
))
(./style/margins.tex) (./style/preamble.tex
\c@thm=\count112
\boxone=\box33
\boxtwo=\box34
\boxthree=\box35
\narrow=\skip64
\cnarrow=\skip65
\boxwidth=\skip66
\c@defin=\count113
)
(/usr/share/texlive/texmf-dist/tex/latex/todonotes/todonotes.sty
Package: todonotes 2015/07/09 .dtx Todonotes source and documentation.
Package: todonotes 2012/07/25

(/usr/share/texlive/texmf-dist/tex/latex/base/ifthen.sty
Package: ifthen 2014/09/29 v1.1c Standard LaTeX ifthen package (DPC)
)
(/usr/share/texlive/texmf-dist/tex/latex/xcolor/xcolor.sty
Package: xcolor 2016/05/11 v2.12 LaTeX color extensions (UK)

(/usr/share/texlive/texmf-dist/tex/latex/graphics-cfg/color.cfg
File: color.cfg 2016/01/02 v1.6 sample color configuration
)
Package xcolor Info: Driver file: pdftex.def on input line 225.
LaTeX Info: Redefining \color on input line 709.
Package xcolor Info: Model `cmy' substituted by `cmy0' on input line 1348.
Package xcolor Info: Model `RGB' extended on input line 1364.
Package xcolor Info: Model `HTML' substituted by `rgb' on input line 1366.
Package xcolor Info: Model `Hsb' substituted by `hsb' on input line 1367.
Package xcolor Info: Model `tHsb' substituted by `hsb' on input line 1368.
Package xcolor Info: Model `HSB' substituted by `hsb' on input line 1369.
Package xcolor Info: Model `Gray' substituted by `gray' on input line 1370.
Package xcolor Info: Model `wave' substituted by `hsb' on input line 1371.
)
(/usr/share/texlive/texmf-dist/tex/latex/pgf/frontendlayer/tikz.sty
(/usr/share/texlive/texmf-dist/tex/latex/pgf/basiclayer/pgf.sty
(/usr/share/texlive/texmf-dist/tex/latex/pgf/utilities/pgfrcs.sty
(/usr/share/texlive/texmf-dist/tex/generic/pgf/utilities/pgfutil-common.tex
\pgfutil@everybye=\toks23
\pgfutil@tempdima=\dimen128
\pgfutil@tempdimb=\dimen129

(/usr/share/texlive/texmf-dist/tex/generic/pgf/utilities/pgfutil-common-lists.t
ex)) (/usr/share/texlive/texmf-dist/tex/generic/pgf/utilities/pgfutil-latex.def
\pgfutil@abb=\box36
(/usr/share/texlive/texmf-dist/tex/latex/ms/everyshi.sty
Package: everyshi 2001/05/15 v3.00 EveryShipout Package (MS)
))
(/usr/share/texlive/texmf-dist/tex/generic/pgf/utilities/pgfrcs.code.tex
Package: pgfrcs 2015/08/07 v3.0.1a (rcs-revision 1.31)
))
Package: pgf 2015/08/07 v3.0.1a (rcs-revision 1.15)

(/usr/share/texlive/texmf-dist/tex/latex/pgf/basiclayer/pgfcore.sty
(/usr/share/texlive/texmf-dist/tex/latex/pgf/systemlayer/pgfsys.sty
(/usr/share/texlive/texmf-dist/tex/generic/pgf/systemlayer/pgfsys.code.tex
Package: pgfsys 2014/07/09 v3.0.1a (rcs-revision 1.48)

(/usr/share/texlive/texmf-dist/tex/generic/pgf/utilities/pgfkeys.code.tex
\pgfkeys@pathtoks=\toks24
\pgfkeys@temptoks=\toks25

(/usr/share/texlive/texmf-dist/tex/generic/pgf/utilities/pgfkeysfiltered.code.t
ex
\pgfkeys@tmptoks=\toks26
))
\pgf@x=\dimen130
\pgf@y=\dimen131
\pgf@xa=\dimen132
\pgf@ya=\dimen133
\pgf@xb=\dimen134
\pgf@yb=\dimen135
\pgf@xc=\dimen136
\pgf@yc=\dimen137
\w@pgf@writea=\write4
\r@pgf@reada=\read2
\c@pgf@counta=\count114
\c@pgf@countb=\count115
\c@pgf@countc=\count116
\c@pgf@countd=\count117
\t@pgf@toka=\toks27
\t@pgf@tokb=\toks28
\t@pgf@tokc=\toks29
 (/usr/share/texlive/texmf-dist/tex/generic/pgf/systemlayer/pgf.cfg
File: pgf.cfg 2008/05/14  (rcs-revision 1.7)
)
Driver file for pgf: pgfsys-pdftex.def

(/usr/share/texlive/texmf-dist/tex/generic/pgf/systemlayer/pgfsys-pdftex.def
File: pgfsys-pdftex.def 2014/10/11  (rcs-revision 1.35)

(/usr/share/texlive/texmf-dist/tex/generic/pgf/systemlayer/pgfsys-common-pdf.de
f
File: pgfsys-common-pdf.def 2013/10/10  (rcs-revision 1.13)
)))
(/usr/share/texlive/texmf-dist/tex/generic/pgf/systemlayer/pgfsyssoftpath.code.
tex
File: pgfsyssoftpath.code.tex 2013/09/09  (rcs-revision 1.9)
\pgfsyssoftpath@smallbuffer@items=\count118
\pgfsyssoftpath@bigbuffer@items=\count119
)
(/usr/share/texlive/texmf-dist/tex/generic/pgf/systemlayer/pgfsysprotocol.code.
tex
File: pgfsysprotocol.code.tex 2006/10/16  (rcs-revision 1.4)
))
(/usr/share/texlive/texmf-dist/tex/generic/pgf/basiclayer/pgfcore.code.tex
Package: pgfcore 2010/04/11 v3.0.1a (rcs-revision 1.7)

(/usr/share/texlive/texmf-dist/tex/generic/pgf/math/pgfmath.code.tex
(/usr/share/texlive/texmf-dist/tex/generic/pgf/math/pgfmathcalc.code.tex
(/usr/share/texlive/texmf-dist/tex/generic/pgf/math/pgfmathutil.code.tex)
(/usr/share/texlive/texmf-dist/tex/generic/pgf/math/pgfmathparser.code.tex
\pgfmath@dimen=\dimen138
\pgfmath@count=\count120
\pgfmath@box=\box37
\pgfmath@toks=\toks30
\pgfmath@stack@operand=\toks31
\pgfmath@stack@operation=\toks32
)
(/usr/share/texlive/texmf-dist/tex/generic/pgf/math/pgfmathfunctions.code.tex
(/usr/share/texlive/texmf-dist/tex/generic/pgf/math/pgfmathfunctions.basic.code
.tex)
(/usr/share/texlive/texmf-dist/tex/generic/pgf/math/pgfmathfunctions.trigonomet
ric.code.tex)
(/usr/share/texlive/texmf-dist/tex/generic/pgf/math/pgfmathfunctions.random.cod
e.tex)
(/usr/share/texlive/texmf-dist/tex/generic/pgf/math/pgfmathfunctions.comparison
.code.tex)
(/usr/share/texlive/texmf-dist/tex/generic/pgf/math/pgfmathfunctions.base.code.
tex)
(/usr/share/texlive/texmf-dist/tex/generic/pgf/math/pgfmathfunctions.round.code
.tex)
(/usr/share/texlive/texmf-dist/tex/generic/pgf/math/pgfmathfunctions.misc.code.
tex)
(/usr/share/texlive/texmf-dist/tex/generic/pgf/math/pgfmathfunctions.integerari
thmetics.code.tex)))
(/usr/share/texlive/texmf-dist/tex/generic/pgf/math/pgfmathfloat.code.tex
\c@pgfmathroundto@lastzeros=\count121
))
(/usr/share/texlive/texmf-dist/tex/generic/pgf/basiclayer/pgfcorepoints.code.te
x
File: pgfcorepoints.code.tex 2013/10/07  (rcs-revision 1.27)
\pgf@picminx=\dimen139
\pgf@picmaxx=\dimen140
\pgf@picminy=\dimen141
\pgf@picmaxy=\dimen142
\pgf@pathminx=\dimen143
\pgf@pathmaxx=\dimen144
\pgf@pathminy=\dimen145
\pgf@pathmaxy=\dimen146
\pgf@xx=\dimen147
\pgf@xy=\dimen148
\pgf@yx=\dimen149
\pgf@yy=\dimen150
\pgf@zx=\dimen151
\pgf@zy=\dimen152
)
(/usr/share/texlive/texmf-dist/tex/generic/pgf/basiclayer/pgfcorepathconstruct.
code.tex
File: pgfcorepathconstruct.code.tex 2013/10/07  (rcs-revision 1.29)
\pgf@path@lastx=\dimen153
\pgf@path@lasty=\dimen154
)
(/usr/share/texlive/texmf-dist/tex/generic/pgf/basiclayer/pgfcorepathusage.code
.tex
File: pgfcorepathusage.code.tex 2014/11/02  (rcs-revision 1.24)
\pgf@shorten@end@additional=\dimen155
\pgf@shorten@start@additional=\dimen156
)
(/usr/share/texlive/texmf-dist/tex/generic/pgf/basiclayer/pgfcorescopes.code.te
x
File: pgfcorescopes.code.tex 2015/05/08  (rcs-revision 1.46)
\pgfpic=\box38
\pgf@hbox=\box39
\pgf@layerbox@main=\box40
\pgf@picture@serial@count=\count122
)
(/usr/share/texlive/texmf-dist/tex/generic/pgf/basiclayer/pgfcoregraphicstate.c
ode.tex
File: pgfcoregraphicstate.code.tex 2014/11/02  (rcs-revision 1.12)
\pgflinewidth=\dimen157
)
(/usr/share/texlive/texmf-dist/tex/generic/pgf/basiclayer/pgfcoretransformation
s.code.tex
File: pgfcoretransformations.code.tex 2015/08/07  (rcs-revision 1.20)
\pgf@pt@x=\dimen158
\pgf@pt@y=\dimen159
\pgf@pt@temp=\dimen160
)
(/usr/share/texlive/texmf-dist/tex/generic/pgf/basiclayer/pgfcorequick.code.tex
File: pgfcorequick.code.tex 2008/10/09  (rcs-revision 1.3)
)
(/usr/share/texlive/texmf-dist/tex/generic/pgf/basiclayer/pgfcoreobjects.code.t
ex
File: pgfcoreobjects.code.tex 2006/10/11  (rcs-revision 1.2)
)
(/usr/share/texlive/texmf-dist/tex/generic/pgf/basiclayer/pgfcorepathprocessing
.code.tex
File: pgfcorepathprocessing.code.tex 2013/09/09  (rcs-revision 1.9)
)
(/usr/share/texlive/texmf-dist/tex/generic/pgf/basiclayer/pgfcorearrows.code.te
x
File: pgfcorearrows.code.tex 2015/05/14  (rcs-revision 1.43)
\pgfarrowsep=\dimen161
)
(/usr/share/texlive/texmf-dist/tex/generic/pgf/basiclayer/pgfcoreshade.code.tex
File: pgfcoreshade.code.tex 2013/07/15  (rcs-revision 1.15)
\pgf@max=\dimen162
\pgf@sys@shading@range@num=\count123
)
(/usr/share/texlive/texmf-dist/tex/generic/pgf/basiclayer/pgfcoreimage.code.tex
File: pgfcoreimage.code.tex 2013/07/15  (rcs-revision 1.18)

(/usr/share/texlive/texmf-dist/tex/generic/pgf/basiclayer/pgfcoreexternal.code.
tex
File: pgfcoreexternal.code.tex 2014/07/09  (rcs-revision 1.21)
\pgfexternal@startupbox=\box41
))
(/usr/share/texlive/texmf-dist/tex/generic/pgf/basiclayer/pgfcorelayers.code.te
x
File: pgfcorelayers.code.tex 2013/07/18  (rcs-revision 1.7)
)
(/usr/share/texlive/texmf-dist/tex/generic/pgf/basiclayer/pgfcoretransparency.c
ode.tex
File: pgfcoretransparency.code.tex 2013/09/30  (rcs-revision 1.5)
)
(/usr/share/texlive/texmf-dist/tex/generic/pgf/basiclayer/pgfcorepatterns.code.
tex
File: pgfcorepatterns.code.tex 2013/11/07  (rcs-revision 1.5)
)))
(/usr/share/texlive/texmf-dist/tex/generic/pgf/modules/pgfmoduleshapes.code.tex
File: pgfmoduleshapes.code.tex 2014/03/21  (rcs-revision 1.35)
\pgfnodeparttextbox=\box42
) (/usr/share/texlive/texmf-dist/tex/generic/pgf/modules/pgfmoduleplot.code.tex
File: pgfmoduleplot.code.tex 2015/08/03  (rcs-revision 1.13)
)
(/usr/share/texlive/texmf-dist/tex/latex/pgf/compatibility/pgfcomp-version-0-65
.sty
Package: pgfcomp-version-0-65 2007/07/03 v3.0.1a (rcs-revision 1.7)
\pgf@nodesepstart=\dimen163
\pgf@nodesepend=\dimen164
)
(/usr/share/texlive/texmf-dist/tex/latex/pgf/compatibility/pgfcomp-version-1-18
.sty
Package: pgfcomp-version-1-18 2007/07/23 v3.0.1a (rcs-revision 1.1)
)) (/usr/share/texlive/texmf-dist/tex/latex/pgf/utilities/pgffor.sty
(/usr/share/texlive/texmf-dist/tex/latex/pgf/utilities/pgfkeys.sty
(/usr/share/texlive/texmf-dist/tex/generic/pgf/utilities/pgfkeys.code.tex))
(/usr/share/texlive/texmf-dist/tex/latex/pgf/math/pgfmath.sty
(/usr/share/texlive/texmf-dist/tex/generic/pgf/math/pgfmath.code.tex))
(/usr/share/texlive/texmf-dist/tex/generic/pgf/utilities/pgffor.code.tex
Package: pgffor 2013/12/13 v3.0.1a (rcs-revision 1.25)

(/usr/share/texlive/texmf-dist/tex/generic/pgf/math/pgfmath.code.tex)
\pgffor@iter=\dimen165
\pgffor@skip=\dimen166
\pgffor@stack=\toks33
\pgffor@toks=\toks34
))
(/usr/share/texlive/texmf-dist/tex/generic/pgf/frontendlayer/tikz/tikz.code.tex
Package: tikz 2015/08/07 v3.0.1a (rcs-revision 1.151)

(/usr/share/texlive/texmf-dist/tex/generic/pgf/libraries/pgflibraryplothandlers
.code.tex
File: pgflibraryplothandlers.code.tex 2013/08/31 v3.0.1a (rcs-revision 1.20)
\pgf@plot@mark@count=\count124
\pgfplotmarksize=\dimen167
)
\tikz@lastx=\dimen168
\tikz@lasty=\dimen169
\tikz@lastxsaved=\dimen170
\tikz@lastysaved=\dimen171
\tikzleveldistance=\dimen172
\tikzsiblingdistance=\dimen173
\tikz@figbox=\box43
\tikz@figbox@bg=\box44
\tikz@tempbox=\box45
\tikz@tempbox@bg=\box46
\tikztreelevel=\count125
\tikznumberofchildren=\count126
\tikznumberofcurrentchild=\count127
\tikz@fig@count=\count128

(/usr/share/texlive/texmf-dist/tex/generic/pgf/modules/pgfmodulematrix.code.tex
File: pgfmodulematrix.code.tex 2013/09/17  (rcs-revision 1.8)
\pgfmatrixcurrentrow=\count129
\pgfmatrixcurrentcolumn=\count130
\pgf@matrix@numberofcolumns=\count131
)
\tikz@expandcount=\count132

(/usr/share/texlive/texmf-dist/tex/generic/pgf/frontendlayer/tikz/libraries/tik
zlibrarytopaths.code.tex
File: tikzlibrarytopaths.code.tex 2008/06/17 v3.0.1a (rcs-revision 1.2)
)))
(/usr/share/texlive/texmf-dist/tex/generic/pgf/frontendlayer/tikz/libraries/tik
zlibrarypositioning.code.tex
File: tikzlibrarypositioning.code.tex 2008/10/06 v3.0.1a (rcs-revision 1.7)
)
(/usr/share/texlive/texmf-dist/tex/latex/tools/calc.sty
Package: calc 2014/10/28 v4.3 Infix arithmetic (KKT,FJ)
\calc@Acount=\count133
\calc@Bcount=\count134
\calc@Adimen=\dimen174
\calc@Bdimen=\dimen175
\calc@Askip=\skip67
\calc@Bskip=\skip68
LaTeX Info: Redefining \setlength on input line 80.
LaTeX Info: Redefining \addtolength on input line 81.
\calc@Ccount=\count135
\calc@Cskip=\skip69
)
\c@@todonotes@numberoftodonotes=\count136
) (./title.tex)
(/usr/share/texlive/texmf-dist/tex/latex/soul/soul.sty
Package: soul 2003/11/17 v2.4 letterspacing/underlining (mf)
\SOUL@word=\toks35
\SOUL@lasttoken=\toks36
\SOUL@cmds=\toks37
\SOUL@buffer=\toks38
\SOUL@token=\toks39
\SOUL@spaceskip=\skip70
\SOUL@ttwidth=\dimen176
\SOUL@uldp=\dimen177
\SOUL@ulht=\dimen178
) (./Narrative.aux)
\openout1 = `Narrative.aux'.

LaTeX Font Info:    Checking defaults for OML/cmm/m/it on input line 50.
LaTeX Font Info:    ... okay on input line 50.
LaTeX Font Info:    Checking defaults for T1/cmr/m/n on input line 50.
LaTeX Font Info:    ... okay on input line 50.
LaTeX Font Info:    Checking defaults for OT1/cmr/m/n on input line 50.
LaTeX Font Info:    ... okay on input line 50.
LaTeX Font Info:    Checking defaults for OMS/cmsy/m/n on input line 50.
LaTeX Font Info:    ... okay on input line 50.
LaTeX Font Info:    Checking defaults for OMX/cmex/m/n on input line 50.
LaTeX Font Info:    ... okay on input line 50.
LaTeX Font Info:    Checking defaults for U/cmr/m/n on input line 50.
LaTeX Font Info:    ... okay on input line 50.
LaTeX Font Info:    Checking defaults for PD1/pdf/m/n on input line 50.
LaTeX Font Info:    ... okay on input line 50.
LaTeX Font Info:    Try loading font information for OT1+ptm on input line 50.

(/usr/share/texlive/texmf-dist/tex/latex/psnfss/ot1ptm.fd
File: ot1ptm.fd 2001/06/04 font definitions for OT1/ptm.
)
(/usr/share/texlive/texmf-dist/tex/context/base/mkii/supp-pdf.mkii
[Loading MPS to PDF converter (version 2006.09.02).]
\scratchcounter=\count137
\scratchdimen=\dimen179
\scratchbox=\box47
\nofMPsegments=\count138
\nofMParguments=\count139
\everyMPshowfont=\toks40
\MPscratchCnt=\count140
\MPscratchDim=\dimen180
\MPnumerator=\count141
\makeMPintoPDFobject=\count142
\everyMPtoPDFconversion=\toks41
) (/usr/share/texlive/texmf-dist/tex/latex/oberdiek/epstopdf-base.sty
Package: epstopdf-base 2016/05/15 v2.6 Base part for package epstopdf

(/usr/share/texlive/texmf-dist/tex/latex/oberdiek/grfext.sty
Package: grfext 2016/05/16 v1.2 Manage graphics extensions (HO)
)
Package epstopdf-base Info: Redefining graphics rule for `.eps' on input line 4
38.
Package grfext Info: Graphics extension search list:
(grfext)             [.pdf,.png,.jpg,.mps,.jpeg,.jbig2,.jb2,.PDF,.PNG,.JPG,.JPE
G,.JBIG2,.JB2,.eps]
(grfext)             \AppendGraphicsExtensions on input line 456.

(/usr/share/texlive/texmf-dist/tex/latex/latexconfig/epstopdf-sys.cfg
File: epstopdf-sys.cfg 2010/07/13 v1.3 Configuration of (r)epstopdf for TeX Liv
e
))
\AtBeginShipoutBox=\box48
Package hyperref Info: Link coloring ON on input line 50.

(/usr/share/texlive/texmf-dist/tex/latex/hyperref/nameref.sty
Package: nameref 2016/05/21 v2.44 Cross-referencing by name of section

(/usr/share/texlive/texmf-dist/tex/generic/oberdiek/gettitlestring.sty
Package: gettitlestring 2016/05/16 v1.5 Cleanup title references (HO)
)
\c@section@level=\count143
)
LaTeX Info: Redefining \ref on input line 50.
LaTeX Info: Redefining \pageref on input line 50.
LaTeX Info: Redefining \nameref on input line 50.

(./Narrative.out) (./Narrative.out)
\@outlinefile=\write5
\openout5 = `Narrative.out'.


*geometry* driver: auto-detecting
*geometry* detected driver: pdftex
*geometry* verbose mode - [ preamble ] result:
* driver: pdftex
* paper: <default>
* layout: <same size as paper>
* layoutoffset:(h,v)=(0.0pt,0.0pt)
* modes: 
* h-part:(L,W,R)=(72.26999pt, 453.60808pt, 72.26999pt)
* v-part:(T,H,B)=(72.26999pt, 701.36044pt, 72.26999pt)
* \paperwidth=614.295pt
* \paperheight=794.96999pt
* \textwidth=469.75499pt
* \textheight=657.65744pt
* \oddsidemargin=0.0pt
* \evensidemargin=0.0pt
* \topmargin=14.45377pt
* \headheight=43.36243pt
* \headsep=14.45377pt
* \topskip=12.0pt
* \footskip=25.29494pt
* \marginparwidth=0.0pt
* \marginparsep=0.0pt
* \columnsep=10.0pt
* \skip\footins=10.8pt plus 4.0pt minus 2.0pt
* \hoffset=0.0pt
* \voffset=-75.88371pt
* \mag=1000
* \@twocolumnfalse
* \@twosidefalse
* \@mparswitchfalse
* \@reversemarginfalse
* (1in=72.27pt=25.4mm, 1cm=28.453pt)

ABD: EveryShipout initializing macros
LaTeX Font Info:    External font `cmex10' loaded for size
(Font)              <14.4> on input line 52.
LaTeX Font Info:    External font `cmex10' loaded for size
(Font)              <7> on input line 52.
LaTeX Font Info:    Try loading font information for OT1+pcr on input line 52.

(/usr/share/texlive/texmf-dist/tex/latex/psnfss/ot1pcr.fd
File: ot1pcr.fd 2001/06/04 font definitions for OT1/pcr.
)
LaTeX Font Info:    Font shape `OT1/ptm/bx/n' in size <12> not available
(Font)              Font shape `OT1/ptm/b/n' tried instead on input line 63.
LaTeX Font Info:    Try loading font information for OMS+ptm on input line 63.

(/usr/share/texlive/texmf-dist/tex/latex/psnfss/omsptm.fd
File: omsptm.fd 
)

LaTeX Font Warning: Font shape `OMS/ptm/bx/n' undefined
(Font)              using `OMS/ptm/m/n' instead
(Font)              for symbol `textbraceleft' on input line 63.

LaTeX Font Info:    Font shape `OMS/ptm/m/n' in size <12> not available
(Font)              Font shape `OMS/cmsy/m/n' tried instead on input line 63.
LaTeX Font Info:    Font shape `OMS/ptm/bx/n' in size <12> not available
(Font)              Font shape `OMS/cmsy/m/n' tried instead on input line 64.
[1
Non-PDF special ignored!

{/var/lib/texmf/fonts/map/pdftex/updmap/pdftex.map}]
(./narrative/proj_narrative.tex (./narrative/identification.tex
LaTeX Font Info:    Font shape `OT1/ptm/bx/n' in size <17.28> not available
(Font)              Font shape `OT1/ptm/b/n' tried instead on input line 1.
LaTeX Font Info:    Font shape `OT1/ptm/bx/n' in size <14.4> not available
(Font)              Font shape `OT1/ptm/b/n' tried instead on input line 20.
 [2] [3]
LaTeX Font Info:    External font `cmex10' loaded for size
(Font)              <12> on input line 55.
LaTeX Font Info:    External font `cmex10' loaded for size
(Font)              <8> on input line 55.
LaTeX Font Info:    External font `cmex10' loaded for size
(Font)              <6> on input line 55.

[4] [5pdfTeX warning (ext4): destination with the same identifier (name{table.1
}) has been already used, duplicate ignored

\AtBegShi@Output ...ipout \box \AtBeginShipoutBox 
                                                  \fi \fi 
l.109 
      ]) (./narrative/benefits.tex [6]) (./narrative/objectives.tex
Package hyperref Info: bookmark level for unknown todo defaults to 0 on input l
ine 7.

Overfull \hbox (13.63597pt too wide) in paragraph at lines 7--7
[][][][]\OT1/ptm/m/n/12 I 
 []


Overfull \hbox (31.87604pt too wide) in paragraph at lines 7--7
\OT1/ptm/m/n/12 have 
 []


Overfull \hbox (14.96794pt too wide) in paragraph at lines 7--7
\OT1/ptm/m/n/12 a 
 []


Overfull \hbox (28.29977pt too wide) in paragraph at lines 7--7
\OT1/ptm/m/n/12 ten- 
 []


Overfull \hbox (38.11598pt too wide) in paragraph at lines 7--7
\OT1/ptm/m/n/12 dency 
 []


Overfull \hbox (18.97589pt too wide) in paragraph at lines 7--7
\OT1/ptm/m/n/12 to 
 []


Overfull \hbox (48.30353pt too wide) in paragraph at lines 7--7
\OT1/ptm/m/n/12 promise 
 []


Overfull \hbox (24.30382pt too wide) in paragraph at lines 7--7
\OT1/ptm/m/n/12 the 
 []


Overfull \hbox (37.51582pt too wide) in paragraph at lines 7--7
\OT1/ptm/m/n/12 world 
 []


Overfull \hbox (18.97589pt too wide) in paragraph at lines 7--7
\OT1/ptm/m/n/12 in 
 []


Overfull \hbox (34.29962pt too wide) in paragraph at lines 7--7
\OT1/ptm/m/n/12 these 
 []


Overfull \hbox (24.9639pt too wide) in paragraph at lines 7--7
\OT1/ptm/m/n/12 ap- 
 []


Overfull \hbox (26.30772pt too wide) in paragraph at lines 7--7
\OT1/ptm/m/n/12 pli- 
 []


Overfull \hbox (24.29182pt too wide) in paragraph at lines 7--7
\OT1/ptm/m/n/12 ca- 
 []


Overfull \hbox (32.97964pt too wide) in paragraph at lines 7--7
\OT1/ptm/m/n/12 tions 
 []


Overfull \hbox (15.64001pt too wide) in paragraph at lines 7--7
\OT1/ptm/m/n/12 -- 
 []


Overfull \hbox (9.64001pt too wide) in paragraph at lines 7--7
 
 []


Overfull \hbox (24.30397pt too wide) in paragraph at lines 7--7
\OT1/ptm/m/n/12 Do 
 []


Overfull \hbox (27.64001pt too wide) in paragraph at lines 7--7
\OT1/ptm/m/n/12 you 
 []


Overfull \hbox (34.31177pt too wide) in paragraph at lines 7--7
\OT1/ptm/m/n/12 think 
 []


Overfull \hbox (26.97964pt too wide) in paragraph at lines 7--7
\OT1/ptm/m/n/12 this 
 []


Overfull \hbox (17.64377pt too wide) in paragraph at lines 7--7
\OT1/ptm/m/n/12 is 
 []


Overfull \hbox (18.97589pt too wide) in paragraph at lines 7--7
\OT1/ptm/m/n/12 to 
 []


Overfull \hbox (36.30382pt too wide) in paragraph at lines 7--7
\OT1/ptm/m/n/12 much 
 []


Overfull \hbox (23.63193pt too wide) in paragraph at lines 7--7
\OT1/ptm/m/n/12 for 
 []


Overfull \hbox (14.96794pt too wide) in paragraph at lines 7--7
\OT1/ptm/m/n/12 a 
 []


Overfull \hbox (36.96375pt too wide) in paragraph at lines 7--7
\OT1/ptm/m/n/12 phase 
 []


Overfull \hbox (16.63597pt too wide) in paragraph at lines 7--7
\OT1/ptm/m/n/12 I, 
 []


Overfull \hbox (19.63597pt too wide) in paragraph at lines 7--7
\OT1/ptm/m/n/12 or 
 []


Overfull \hbox (24.97589pt too wide) in paragraph at lines 7--7
\OT1/ptm/m/n/12 not 
 []


Overfull \hbox (50.96794pt too wide) in paragraph at lines 7--7
\OT1/ptm/m/n/12 enough.. 
 []


Overfull \hbox (19.63597pt too wide) in paragraph at lines 7--7
\OT1/ptm/m/n/12 or  
 []


Overfull \hbox (13.63597pt too wide) in paragraph at lines 7--7
[][][][]\OT1/ptm/m/n/12 I 
 []


Overfull \hbox (31.87604pt too wide) in paragraph at lines 7--7
\OT1/ptm/m/n/12 have 
 []


Overfull \hbox (14.96794pt too wide) in paragraph at lines 7--7
\OT1/ptm/m/n/12 a 
 []


Overfull \hbox (28.29977pt too wide) in paragraph at lines 7--7
\OT1/ptm/m/n/12 ten- 
 []


Overfull \hbox (38.11598pt too wide) in paragraph at lines 7--7
\OT1/ptm/m/n/12 dency 
 []


Overfull \hbox (18.97589pt too wide) in paragraph at lines 7--7
\OT1/ptm/m/n/12 to 
 []


Overfull \hbox (48.30353pt too wide) in paragraph at lines 7--7
\OT1/ptm/m/n/12 promise 
 []


Overfull \hbox (24.30382pt too wide) in paragraph at lines 7--7
\OT1/ptm/m/n/12 the 
 []


Overfull \hbox (37.51582pt too wide) in paragraph at lines 7--7
\OT1/ptm/m/n/12 world 
 []


Overfull \hbox (18.97589pt too wide) in paragraph at lines 7--7
\OT1/ptm/m/n/12 in 
 []


Overfull \hbox (34.29962pt too wide) in paragraph at lines 7--7
\OT1/ptm/m/n/12 these 
 []


Overfull \hbox (24.9639pt too wide) in paragraph at lines 7--7
\OT1/ptm/m/n/12 ap- 
 []


Overfull \hbox (26.30772pt too wide) in paragraph at lines 7--7
\OT1/ptm/m/n/12 pli- 
 []


Overfull \hbox (24.29182pt too wide) in paragraph at lines 7--7
\OT1/ptm/m/n/12 ca- 
 []


Overfull \hbox (32.97964pt too wide) in paragraph at lines 7--7
\OT1/ptm/m/n/12 tions 
 []


Overfull \hbox (15.64001pt too wide) in paragraph at lines 7--7
\OT1/ptm/m/n/12 -- 
 []


Overfull \hbox (9.64001pt too wide) in paragraph at lines 7--7
 
 []


Overfull \hbox (24.30397pt too wide) in paragraph at lines 7--7
\OT1/ptm/m/n/12 Do 
 []


Overfull \hbox (27.64001pt too wide) in paragraph at lines 7--7
\OT1/ptm/m/n/12 you 
 []


Overfull \hbox (34.31177pt too wide) in paragraph at lines 7--7
\OT1/ptm/m/n/12 think 
 []


Overfull \hbox (26.97964pt too wide) in paragraph at lines 7--7
\OT1/ptm/m/n/12 this 
 []


Overfull \hbox (17.64377pt too wide) in paragraph at lines 7--7
\OT1/ptm/m/n/12 is 
 []


Overfull \hbox (18.97589pt too wide) in paragraph at lines 7--7
\OT1/ptm/m/n/12 to 
 []


Overfull \hbox (36.30382pt too wide) in paragraph at lines 7--7
\OT1/ptm/m/n/12 much 
 []


Overfull \hbox (23.63193pt too wide) in paragraph at lines 7--7
\OT1/ptm/m/n/12 for 
 []


Overfull \hbox (14.96794pt too wide) in paragraph at lines 7--7
\OT1/ptm/m/n/12 a 
 []


Overfull \hbox (36.96375pt too wide) in paragraph at lines 7--7
\OT1/ptm/m/n/12 phase 
 []


Overfull \hbox (16.63597pt too wide) in paragraph at lines 7--7
\OT1/ptm/m/n/12 I, 
 []


Overfull \hbox (19.63597pt too wide) in paragraph at lines 7--7
\OT1/ptm/m/n/12 or 
 []


Overfull \hbox (24.97589pt too wide) in paragraph at lines 7--7
\OT1/ptm/m/n/12 not 
 []


Overfull \hbox (50.96794pt too wide) in paragraph at lines 7--7
\OT1/ptm/m/n/12 enough.. 
 []


Overfull \hbox (19.63597pt too wide) in paragraph at lines 7--7
\OT1/ptm/m/n/12 or  
 []


Overfull \hbox (7.99915pt too wide) in paragraph at lines 7--7
[][][] 
 []


Overfull \hbox (13.63597pt too wide) in paragraph at lines 7--7
[][][][]\OT1/ptm/m/n/12 I 
 []


Overfull \hbox (31.87604pt too wide) in paragraph at lines 7--7
\OT1/ptm/m/n/12 have 
 []


Overfull \hbox (14.96794pt too wide) in paragraph at lines 7--7
\OT1/ptm/m/n/12 a 
 []


Overfull \hbox (28.29977pt too wide) in paragraph at lines 7--7
\OT1/ptm/m/n/12 ten- 
 []


Overfull \hbox (38.11598pt too wide) in paragraph at lines 7--7
\OT1/ptm/m/n/12 dency 
 []


Overfull \hbox (18.97589pt too wide) in paragraph at lines 7--7
\OT1/ptm/m/n/12 to 
 []


Overfull \hbox (48.30353pt too wide) in paragraph at lines 7--7
\OT1/ptm/m/n/12 promise 
 []


Overfull \hbox (24.30382pt too wide) in paragraph at lines 7--7
\OT1/ptm/m/n/12 the 
 []


Overfull \hbox (37.51582pt too wide) in paragraph at lines 7--7
\OT1/ptm/m/n/12 world 
 []


Overfull \hbox (18.97589pt too wide) in paragraph at lines 7--7
\OT1/ptm/m/n/12 in 
 []


Overfull \hbox (34.29962pt too wide) in paragraph at lines 7--7
\OT1/ptm/m/n/12 these 
 []


Overfull \hbox (24.9639pt too wide) in paragraph at lines 7--7
\OT1/ptm/m/n/12 ap- 
 []


Overfull \hbox (26.30772pt too wide) in paragraph at lines 7--7
\OT1/ptm/m/n/12 pli- 
 []


Overfull \hbox (24.29182pt too wide) in paragraph at lines 7--7
\OT1/ptm/m/n/12 ca- 
 []


Overfull \hbox (32.97964pt too wide) in paragraph at lines 7--7
\OT1/ptm/m/n/12 tions 
 []


Overfull \hbox (15.64001pt too wide) in paragraph at lines 7--7
\OT1/ptm/m/n/12 -- 
 []


Overfull \hbox (9.64001pt too wide) in paragraph at lines 7--7
 
 []


Overfull \hbox (24.30397pt too wide) in paragraph at lines 7--7
\OT1/ptm/m/n/12 Do 
 []


Overfull \hbox (27.64001pt too wide) in paragraph at lines 7--7
\OT1/ptm/m/n/12 you 
 []


Overfull \hbox (34.31177pt too wide) in paragraph at lines 7--7
\OT1/ptm/m/n/12 think 
 []


Overfull \hbox (26.97964pt too wide) in paragraph at lines 7--7
\OT1/ptm/m/n/12 this 
 []


Overfull \hbox (17.64377pt too wide) in paragraph at lines 7--7
\OT1/ptm/m/n/12 is 
 []


Overfull \hbox (18.97589pt too wide) in paragraph at lines 7--7
\OT1/ptm/m/n/12 to 
 []


Overfull \hbox (36.30382pt too wide) in paragraph at lines 7--7
\OT1/ptm/m/n/12 much 
 []


Overfull \hbox (23.63193pt too wide) in paragraph at lines 7--7
\OT1/ptm/m/n/12 for 
 []


Overfull \hbox (14.96794pt too wide) in paragraph at lines 7--7
\OT1/ptm/m/n/12 a 
 []


Overfull \hbox (36.96375pt too wide) in paragraph at lines 7--7
\OT1/ptm/m/n/12 phase 
 []


Overfull \hbox (16.63597pt too wide) in paragraph at lines 7--7
\OT1/ptm/m/n/12 I, 
 []


Overfull \hbox (19.63597pt too wide) in paragraph at lines 7--7
\OT1/ptm/m/n/12 or 
 []


Overfull \hbox (24.97589pt too wide) in paragraph at lines 7--7
\OT1/ptm/m/n/12 not 
 []


Overfull \hbox (50.96794pt too wide) in paragraph at lines 7--7
\OT1/ptm/m/n/12 enough.. 
 []


Overfull \hbox (19.63597pt too wide) in paragraph at lines 7--7
\OT1/ptm/m/n/12 or  
 []


Overfull \hbox (13.63597pt too wide) in paragraph at lines 7--7
[][][][]\OT1/ptm/m/n/12 I 
 []


Overfull \hbox (31.87604pt too wide) in paragraph at lines 7--7
\OT1/ptm/m/n/12 have 
 []


Overfull \hbox (14.96794pt too wide) in paragraph at lines 7--7
\OT1/ptm/m/n/12 a 
 []


Overfull \hbox (28.29977pt too wide) in paragraph at lines 7--7
\OT1/ptm/m/n/12 ten- 
 []


Overfull \hbox (38.11598pt too wide) in paragraph at lines 7--7
\OT1/ptm/m/n/12 dency 
 []


Overfull \hbox (18.97589pt too wide) in paragraph at lines 7--7
\OT1/ptm/m/n/12 to 
 []


Overfull \hbox (48.30353pt too wide) in paragraph at lines 7--7
\OT1/ptm/m/n/12 promise 
 []


Overfull \hbox (24.30382pt too wide) in paragraph at lines 7--7
\OT1/ptm/m/n/12 the 
 []


Overfull \hbox (37.51582pt too wide) in paragraph at lines 7--7
\OT1/ptm/m/n/12 world 
 []


Overfull \hbox (18.97589pt too wide) in paragraph at lines 7--7
\OT1/ptm/m/n/12 in 
 []


Overfull \hbox (34.29962pt too wide) in paragraph at lines 7--7
\OT1/ptm/m/n/12 these 
 []


Overfull \hbox (24.9639pt too wide) in paragraph at lines 7--7
\OT1/ptm/m/n/12 ap- 
 []


Overfull \hbox (26.30772pt too wide) in paragraph at lines 7--7
\OT1/ptm/m/n/12 pli- 
 []


Overfull \hbox (24.29182pt too wide) in paragraph at lines 7--7
\OT1/ptm/m/n/12 ca- 
 []


Overfull \hbox (32.97964pt too wide) in paragraph at lines 7--7
\OT1/ptm/m/n/12 tions 
 []


Overfull \hbox (15.64001pt too wide) in paragraph at lines 7--7
\OT1/ptm/m/n/12 -- 
 []


Overfull \hbox (9.64001pt too wide) in paragraph at lines 7--7
 
 []


Overfull \hbox (24.30397pt too wide) in paragraph at lines 7--7
\OT1/ptm/m/n/12 Do 
 []


Overfull \hbox (27.64001pt too wide) in paragraph at lines 7--7
\OT1/ptm/m/n/12 you 
 []


Overfull \hbox (34.31177pt too wide) in paragraph at lines 7--7
\OT1/ptm/m/n/12 think 
 []


Overfull \hbox (26.97964pt too wide) in paragraph at lines 7--7
\OT1/ptm/m/n/12 this 
 []


Overfull \hbox (17.64377pt too wide) in paragraph at lines 7--7
\OT1/ptm/m/n/12 is 
 []


Overfull \hbox (18.97589pt too wide) in paragraph at lines 7--7
\OT1/ptm/m/n/12 to 
 []


Overfull \hbox (36.30382pt too wide) in paragraph at lines 7--7
\OT1/ptm/m/n/12 much 
 []


Overfull \hbox (23.63193pt too wide) in paragraph at lines 7--7
\OT1/ptm/m/n/12 for 
 []


Overfull \hbox (14.96794pt too wide) in paragraph at lines 7--7
\OT1/ptm/m/n/12 a 
 []


Overfull \hbox (36.96375pt too wide) in paragraph at lines 7--7
\OT1/ptm/m/n/12 phase 
 []


Overfull \hbox (16.63597pt too wide) in paragraph at lines 7--7
\OT1/ptm/m/n/12 I, 
 []


Overfull \hbox (19.63597pt too wide) in paragraph at lines 7--7
\OT1/ptm/m/n/12 or 
 []


Overfull \hbox (24.97589pt too wide) in paragraph at lines 7--7
\OT1/ptm/m/n/12 not 
 []


Overfull \hbox (50.96794pt too wide) in paragraph at lines 7--7
\OT1/ptm/m/n/12 enough.. 
 []


Overfull \hbox (19.63597pt too wide) in paragraph at lines 7--7
\OT1/ptm/m/n/12 or  
 []


Overfull \hbox (7.99915pt too wide) in paragraph at lines 7--7
[][][] 
 []

) (./narrative/workplan.tex [7] [8]
Overfull \hbox (60.56761pt too wide) in paragraph at lines 32--32
[][][][]\OT1/ptm/m/n/12 @Boyana: 
 []


Overfull \hbox (27.62785pt too wide) in paragraph at lines 32--32
\OT1/ptm/m/n/12 Are 
 []


Overfull \hbox (33.6277pt too wide) in paragraph at lines 32--32
\OT1/ptm/m/n/12 there 
 []


Overfull \hbox (26.78806pt too wide) in paragraph at lines 32--32
\OT1/ptm/m/n/12 any 
 []


Overfull \hbox (28.29977pt too wide) in paragraph at lines 32--32
\OT1/ptm/m/n/12 ma- 
 []


Overfull \hbox (35.63174pt too wide) in paragraph at lines 32--32
\OT1/ptm/m/n/12 chine 
 []


Overfull \hbox (37.62366pt too wide) in paragraph at lines 32--32
\OT1/ptm/m/n/12 learn- 
 []


Overfull \hbox (24.97589pt too wide) in paragraph at lines 32--32
\OT1/ptm/m/n/12 ing 
 []


Overfull \hbox (36.96375pt too wide) in paragraph at lines 32--32
\OT1/ptm/m/n/12 based 
 []


Overfull \hbox (30.97545pt too wide) in paragraph at lines 32--32
\OT1/ptm/m/n/12 tests 
 []


Overfull \hbox (24.97589pt too wide) in paragraph at lines 32--32
\OT1/ptm/m/n/12 out 
 []


Overfull \hbox (33.6277pt too wide) in paragraph at lines 32--32
\OT1/ptm/m/n/12 there 
 []


Overfull \hbox (23.63193pt too wide) in paragraph at lines 32--32
\OT1/ptm/m/n/12 for 
 []


Overfull \hbox (30.30353pt too wide) in paragraph at lines 32--32
\OT1/ptm/m/n/12 test- 
 []


Overfull \hbox (24.97589pt too wide) in paragraph at lines 32--32
\OT1/ptm/m/n/12 ing 
 []


Overfull \hbox (30.00397pt too wide) in paragraph at lines 32--32
\OT1/ptm/m/n/12 how 
 []


Overfull \hbox (30.30365pt too wide) in paragraph at lines 32--32
\OT1/ptm/m/n/12 well 
 []


Overfull \hbox (24.30382pt too wide) in paragraph at lines 32--32
\OT1/ptm/m/n/12 the 
 []


Overfull \hbox (29.63174pt too wide) in paragraph at lines 32--32
\OT1/ptm/m/n/12 data 
 []


Overfull \hbox (22.9717pt too wide) in paragraph at lines 32--32
\OT1/ptm/m/n/12 set 
 []


Overfull \hbox (30.78401pt too wide) in paragraph at lines 32--32
\OT1/ptm/m/n/12 cov- 
 []


Overfull \hbox (23.63177pt too wide) in paragraph at lines 32--32
\OT1/ptm/m/n/12 ers 
 []


Overfull \hbox (24.30382pt too wide) in paragraph at lines 32--32
\OT1/ptm/m/n/12 the 
 []


Overfull \hbox (24.9639pt too wide) in paragraph at lines 32--32
\OT1/ptm/m/n/12 pa- 
 []


Overfull \hbox (32.29573pt too wide) in paragraph at lines 32--32
\OT1/ptm/m/n/12 ram- 
 []


Overfull \hbox (18.9639pt too wide) in paragraph at lines 32--32
\OT1/ptm/m/n/12 e- 
 []


Overfull \hbox (22.29977pt too wide) in paragraph at lines 32--32
\OT1/ptm/m/n/12 ter 
 []


Overfull \hbox (36.29167pt too wide) in paragraph at lines 32--32
\OT1/ptm/m/n/12 space 
 []


Overfull \hbox (19.63597pt too wide) in paragraph at lines 32--32
\OT1/ptm/m/n/12 of 
 []


Overfull \hbox (24.30382pt too wide) in paragraph at lines 32--32
\OT1/ptm/m/n/12 the 
 []


Overfull \hbox (28.28778pt too wide) in paragraph at lines 32--32
\OT1/ptm/m/n/12 fea- 
 []


Overfull \hbox (28.29977pt too wide) in paragraph at lines 32--32
\OT1/ptm/m/n/12 ture 
 []


Overfull \hbox (25.9717pt too wide) in paragraph at lines 32--32
\OT1/ptm/m/n/12 set. 
 []


Overfull \hbox (22.29993pt too wide) in paragraph at lines 32--32
\OT1/ptm/m/n/12 Or 
 []


Overfull \hbox (26.78806pt too wide) in paragraph at lines 32--32
\OT1/ptm/m/n/12 any 
 []


Overfull \hbox (34.29977pt too wide) in paragraph at lines 32--32
\OT1/ptm/m/n/12 other 
 []


Overfull \hbox (32.97964pt too wide) in paragraph at lines 32--32
\OT1/ptm/m/n/12 tools 
 []


Overfull \hbox (27.64001pt too wide) in paragraph at lines 32--32
\OT1/ptm/m/n/12 you 
 []


Overfull \hbox (26.29587pt too wide) in paragraph at lines 32--32
\OT1/ptm/m/n/12 can 
 []


Overfull \hbox (34.31177pt too wide) in paragraph at lines 32--32
\OT1/ptm/m/n/12 think 
 []


Overfull \hbox (22.63597pt too wide) in paragraph at lines 32--32
\OT1/ptm/m/n/12 of. 
 []


Overfull \hbox (13.63597pt too wide) in paragraph at lines 32--32
\OT1/ptm/m/n/12 I 
 []


Overfull \hbox (24.30382pt too wide) in paragraph at lines 32--32
\OT1/ptm/m/n/12 am 
 []


Overfull \hbox (18.30382pt too wide) in paragraph at lines 32--32
\OT1/ptm/m/n/12 at 
 []


Overfull \hbox (14.96794pt too wide) in paragraph at lines 32--32
\OT1/ptm/m/n/12 a 
 []


Overfull \hbox (31.31165pt too wide) in paragraph at lines 32--32
\OT1/ptm/m/n/12 loss. 
 []


Overfull \hbox (28.29993pt too wide) in paragraph at lines 32--32
\OT1/ptm/m/n/12 The 
 []


Overfull \hbox (30.12393pt too wide) in paragraph at lines 32--32
\OT1/ptm/m/n/12 next 
 []


Overfull \hbox (34.28778pt too wide) in paragraph at lines 32--32
\OT1/ptm/m/n/12 para- 
 []


Overfull \hbox (36.9639pt too wide) in paragraph at lines 32--32
\OT1/ptm/m/n/12 graph 
 []


Overfull \hbox (37.64764pt too wide) in paragraph at lines 32--32
\OT1/ptm/m/n/12 might 
 []


Overfull \hbox (30.78401pt too wide) in paragraph at lines 32--32
\OT1/ptm/m/n/12 very 
 []


Overfull \hbox (30.30365pt too wide) in paragraph at lines 32--32
\OT1/ptm/m/n/12 well 
 []


Overfull \hbox (20.96794pt too wide) in paragraph at lines 32--32
\OT1/ptm/m/n/12 be 
 []


Overfull \hbox (38.05579pt too wide) in paragraph at lines 32--32
\OT1/ptm/m/n/12 giber- 
 []


Overfull \hbox (23.64377pt too wide) in paragraph at lines 32--32
\OT1/ptm/m/n/12 ish  
 []


Overfull \hbox (60.56761pt too wide) in paragraph at lines 32--32
[][][][]\OT1/ptm/m/n/12 @Boyana: 
 []


Overfull \hbox (27.62785pt too wide) in paragraph at lines 32--32
\OT1/ptm/m/n/12 Are 
 []


Overfull \hbox (33.6277pt too wide) in paragraph at lines 32--32
\OT1/ptm/m/n/12 there 
 []


Overfull \hbox (26.78806pt too wide) in paragraph at lines 32--32
\OT1/ptm/m/n/12 any 
 []


Overfull \hbox (28.29977pt too wide) in paragraph at lines 32--32
\OT1/ptm/m/n/12 ma- 
 []


Overfull \hbox (35.63174pt too wide) in paragraph at lines 32--32
\OT1/ptm/m/n/12 chine 
 []


Overfull \hbox (37.62366pt too wide) in paragraph at lines 32--32
\OT1/ptm/m/n/12 learn- 
 []


Overfull \hbox (24.97589pt too wide) in paragraph at lines 32--32
\OT1/ptm/m/n/12 ing 
 []


Overfull \hbox (36.96375pt too wide) in paragraph at lines 32--32
\OT1/ptm/m/n/12 based 
 []


Overfull \hbox (30.97545pt too wide) in paragraph at lines 32--32
\OT1/ptm/m/n/12 tests 
 []


Overfull \hbox (24.97589pt too wide) in paragraph at lines 32--32
\OT1/ptm/m/n/12 out 
 []


Overfull \hbox (33.6277pt too wide) in paragraph at lines 32--32
\OT1/ptm/m/n/12 there 
 []


Overfull \hbox (23.63193pt too wide) in paragraph at lines 32--32
\OT1/ptm/m/n/12 for 
 []


Overfull \hbox (30.30353pt too wide) in paragraph at lines 32--32
\OT1/ptm/m/n/12 test- 
 []


Overfull \hbox (24.97589pt too wide) in paragraph at lines 32--32
\OT1/ptm/m/n/12 ing 
 []


Overfull \hbox (30.00397pt too wide) in paragraph at lines 32--32
\OT1/ptm/m/n/12 how 
 []


Overfull \hbox (30.30365pt too wide) in paragraph at lines 32--32
\OT1/ptm/m/n/12 well 
 []


Overfull \hbox (24.30382pt too wide) in paragraph at lines 32--32
\OT1/ptm/m/n/12 the 
 []


Overfull \hbox (29.63174pt too wide) in paragraph at lines 32--32
\OT1/ptm/m/n/12 data 
 []


Overfull \hbox (22.9717pt too wide) in paragraph at lines 32--32
\OT1/ptm/m/n/12 set 
 []


Overfull \hbox (30.78401pt too wide) in paragraph at lines 32--32
\OT1/ptm/m/n/12 cov- 
 []


Overfull \hbox (23.63177pt too wide) in paragraph at lines 32--32
\OT1/ptm/m/n/12 ers 
 []


Overfull \hbox (24.30382pt too wide) in paragraph at lines 32--32
\OT1/ptm/m/n/12 the 
 []


Overfull \hbox (24.9639pt too wide) in paragraph at lines 32--32
\OT1/ptm/m/n/12 pa- 
 []


Overfull \hbox (32.29573pt too wide) in paragraph at lines 32--32
\OT1/ptm/m/n/12 ram- 
 []


Overfull \hbox (18.9639pt too wide) in paragraph at lines 32--32
\OT1/ptm/m/n/12 e- 
 []


Overfull \hbox (22.29977pt too wide) in paragraph at lines 32--32
\OT1/ptm/m/n/12 ter 
 []


Overfull \hbox (36.29167pt too wide) in paragraph at lines 32--32
\OT1/ptm/m/n/12 space 
 []


Overfull \hbox (19.63597pt too wide) in paragraph at lines 32--32
\OT1/ptm/m/n/12 of 
 []


Overfull \hbox (24.30382pt too wide) in paragraph at lines 32--32
\OT1/ptm/m/n/12 the 
 []


Overfull \hbox (28.28778pt too wide) in paragraph at lines 32--32
\OT1/ptm/m/n/12 fea- 
 []


Overfull \hbox (28.29977pt too wide) in paragraph at lines 32--32
\OT1/ptm/m/n/12 ture 
 []


Overfull \hbox (25.9717pt too wide) in paragraph at lines 32--32
\OT1/ptm/m/n/12 set. 
 []


Overfull \hbox (22.29993pt too wide) in paragraph at lines 32--32
\OT1/ptm/m/n/12 Or 
 []


Overfull \hbox (26.78806pt too wide) in paragraph at lines 32--32
\OT1/ptm/m/n/12 any 
 []


Overfull \hbox (34.29977pt too wide) in paragraph at lines 32--32
\OT1/ptm/m/n/12 other 
 []


Overfull \hbox (32.97964pt too wide) in paragraph at lines 32--32
\OT1/ptm/m/n/12 tools 
 []


Overfull \hbox (27.64001pt too wide) in paragraph at lines 32--32
\OT1/ptm/m/n/12 you 
 []


Overfull \hbox (26.29587pt too wide) in paragraph at lines 32--32
\OT1/ptm/m/n/12 can 
 []


Overfull \hbox (34.31177pt too wide) in paragraph at lines 32--32
\OT1/ptm/m/n/12 think 
 []


Overfull \hbox (22.63597pt too wide) in paragraph at lines 32--32
\OT1/ptm/m/n/12 of. 
 []


Overfull \hbox (13.63597pt too wide) in paragraph at lines 32--32
\OT1/ptm/m/n/12 I 
 []


Overfull \hbox (24.30382pt too wide) in paragraph at lines 32--32
\OT1/ptm/m/n/12 am 
 []


Overfull \hbox (18.30382pt too wide) in paragraph at lines 32--32
\OT1/ptm/m/n/12 at 
 []


Overfull \hbox (14.96794pt too wide) in paragraph at lines 32--32
\OT1/ptm/m/n/12 a 
 []


Overfull \hbox (31.31165pt too wide) in paragraph at lines 32--32
\OT1/ptm/m/n/12 loss. 
 []


Overfull \hbox (28.29993pt too wide) in paragraph at lines 32--32
\OT1/ptm/m/n/12 The 
 []


Overfull \hbox (30.12393pt too wide) in paragraph at lines 32--32
\OT1/ptm/m/n/12 next 
 []


Overfull \hbox (34.28778pt too wide) in paragraph at lines 32--32
\OT1/ptm/m/n/12 para- 
 []


Overfull \hbox (36.9639pt too wide) in paragraph at lines 32--32
\OT1/ptm/m/n/12 graph 
 []


Overfull \hbox (37.64764pt too wide) in paragraph at lines 32--32
\OT1/ptm/m/n/12 might 
 []


Overfull \hbox (30.78401pt too wide) in paragraph at lines 32--32
\OT1/ptm/m/n/12 very 
 []


Overfull \hbox (30.30365pt too wide) in paragraph at lines 32--32
\OT1/ptm/m/n/12 well 
 []


Overfull \hbox (20.96794pt too wide) in paragraph at lines 32--32
\OT1/ptm/m/n/12 be 
 []


Overfull \hbox (38.05579pt too wide) in paragraph at lines 32--32
\OT1/ptm/m/n/12 giber- 
 []


Overfull \hbox (23.64377pt too wide) in paragraph at lines 32--32
\OT1/ptm/m/n/12 ish  
 []


Overfull \hbox (7.99915pt too wide) in paragraph at lines 32--32
[][][] 
 []


Overfull \hbox (60.56761pt too wide) in paragraph at lines 32--32
[][][][]\OT1/ptm/m/n/12 @Boyana: 
 []


Overfull \hbox (27.62785pt too wide) in paragraph at lines 32--32
\OT1/ptm/m/n/12 Are 
 []


Overfull \hbox (33.6277pt too wide) in paragraph at lines 32--32
\OT1/ptm/m/n/12 there 
 []


Overfull \hbox (26.78806pt too wide) in paragraph at lines 32--32
\OT1/ptm/m/n/12 any 
 []


Overfull \hbox (28.29977pt too wide) in paragraph at lines 32--32
\OT1/ptm/m/n/12 ma- 
 []


Overfull \hbox (35.63174pt too wide) in paragraph at lines 32--32
\OT1/ptm/m/n/12 chine 
 []


Overfull \hbox (37.62366pt too wide) in paragraph at lines 32--32
\OT1/ptm/m/n/12 learn- 
 []


Overfull \hbox (24.97589pt too wide) in paragraph at lines 32--32
\OT1/ptm/m/n/12 ing 
 []


Overfull \hbox (36.96375pt too wide) in paragraph at lines 32--32
\OT1/ptm/m/n/12 based 
 []


Overfull \hbox (30.97545pt too wide) in paragraph at lines 32--32
\OT1/ptm/m/n/12 tests 
 []


Overfull \hbox (24.97589pt too wide) in paragraph at lines 32--32
\OT1/ptm/m/n/12 out 
 []


Overfull \hbox (33.6277pt too wide) in paragraph at lines 32--32
\OT1/ptm/m/n/12 there 
 []


Overfull \hbox (23.63193pt too wide) in paragraph at lines 32--32
\OT1/ptm/m/n/12 for 
 []


Overfull \hbox (30.30353pt too wide) in paragraph at lines 32--32
\OT1/ptm/m/n/12 test- 
 []


Overfull \hbox (24.97589pt too wide) in paragraph at lines 32--32
\OT1/ptm/m/n/12 ing 
 []


Overfull \hbox (30.00397pt too wide) in paragraph at lines 32--32
\OT1/ptm/m/n/12 how 
 []


Overfull \hbox (30.30365pt too wide) in paragraph at lines 32--32
\OT1/ptm/m/n/12 well 
 []


Overfull \hbox (24.30382pt too wide) in paragraph at lines 32--32
\OT1/ptm/m/n/12 the 
 []


Overfull \hbox (29.63174pt too wide) in paragraph at lines 32--32
\OT1/ptm/m/n/12 data 
 []


Overfull \hbox (22.9717pt too wide) in paragraph at lines 32--32
\OT1/ptm/m/n/12 set 
 []


Overfull \hbox (30.78401pt too wide) in paragraph at lines 32--32
\OT1/ptm/m/n/12 cov- 
 []


Overfull \hbox (23.63177pt too wide) in paragraph at lines 32--32
\OT1/ptm/m/n/12 ers 
 []


Overfull \hbox (24.30382pt too wide) in paragraph at lines 32--32
\OT1/ptm/m/n/12 the 
 []


Overfull \hbox (24.9639pt too wide) in paragraph at lines 32--32
\OT1/ptm/m/n/12 pa- 
 []


Overfull \hbox (32.29573pt too wide) in paragraph at lines 32--32
\OT1/ptm/m/n/12 ram- 
 []


Overfull \hbox (18.9639pt too wide) in paragraph at lines 32--32
\OT1/ptm/m/n/12 e- 
 []


Overfull \hbox (22.29977pt too wide) in paragraph at lines 32--32
\OT1/ptm/m/n/12 ter 
 []


Overfull \hbox (36.29167pt too wide) in paragraph at lines 32--32
\OT1/ptm/m/n/12 space 
 []


Overfull \hbox (19.63597pt too wide) in paragraph at lines 32--32
\OT1/ptm/m/n/12 of 
 []


Overfull \hbox (24.30382pt too wide) in paragraph at lines 32--32
\OT1/ptm/m/n/12 the 
 []


Overfull \hbox (28.28778pt too wide) in paragraph at lines 32--32
\OT1/ptm/m/n/12 fea- 
 []


Overfull \hbox (28.29977pt too wide) in paragraph at lines 32--32
\OT1/ptm/m/n/12 ture 
 []


Overfull \hbox (25.9717pt too wide) in paragraph at lines 32--32
\OT1/ptm/m/n/12 set. 
 []


Overfull \hbox (22.29993pt too wide) in paragraph at lines 32--32
\OT1/ptm/m/n/12 Or 
 []


Overfull \hbox (26.78806pt too wide) in paragraph at lines 32--32
\OT1/ptm/m/n/12 any 
 []


Overfull \hbox (34.29977pt too wide) in paragraph at lines 32--32
\OT1/ptm/m/n/12 other 
 []


Overfull \hbox (32.97964pt too wide) in paragraph at lines 32--32
\OT1/ptm/m/n/12 tools 
 []


Overfull \hbox (27.64001pt too wide) in paragraph at lines 32--32
\OT1/ptm/m/n/12 you 
 []


Overfull \hbox (26.29587pt too wide) in paragraph at lines 32--32
\OT1/ptm/m/n/12 can 
 []


Overfull \hbox (34.31177pt too wide) in paragraph at lines 32--32
\OT1/ptm/m/n/12 think 
 []


Overfull \hbox (22.63597pt too wide) in paragraph at lines 32--32
\OT1/ptm/m/n/12 of. 
 []


Overfull \hbox (13.63597pt too wide) in paragraph at lines 32--32
\OT1/ptm/m/n/12 I 
 []


Overfull \hbox (24.30382pt too wide) in paragraph at lines 32--32
\OT1/ptm/m/n/12 am 
 []


Overfull \hbox (18.30382pt too wide) in paragraph at lines 32--32
\OT1/ptm/m/n/12 at 
 []


Overfull \hbox (14.96794pt too wide) in paragraph at lines 32--32
\OT1/ptm/m/n/12 a 
 []


Overfull \hbox (31.31165pt too wide) in paragraph at lines 32--32
\OT1/ptm/m/n/12 loss. 
 []


Overfull \hbox (28.29993pt too wide) in paragraph at lines 32--32
\OT1/ptm/m/n/12 The 
 []


Overfull \hbox (30.12393pt too wide) in paragraph at lines 32--32
\OT1/ptm/m/n/12 next 
 []


Overfull \hbox (34.28778pt too wide) in paragraph at lines 32--32
\OT1/ptm/m/n/12 para- 
 []


Overfull \hbox (36.9639pt too wide) in paragraph at lines 32--32
\OT1/ptm/m/n/12 graph 
 []


Overfull \hbox (37.64764pt too wide) in paragraph at lines 32--32
\OT1/ptm/m/n/12 might 
 []


Overfull \hbox (30.78401pt too wide) in paragraph at lines 32--32
\OT1/ptm/m/n/12 very 
 []


Overfull \hbox (30.30365pt too wide) in paragraph at lines 32--32
\OT1/ptm/m/n/12 well 
 []


Overfull \hbox (20.96794pt too wide) in paragraph at lines 32--32
\OT1/ptm/m/n/12 be 
 []


Overfull \hbox (38.05579pt too wide) in paragraph at lines 32--32
\OT1/ptm/m/n/12 giber- 
 []


Overfull \hbox (23.64377pt too wide) in paragraph at lines 32--32
\OT1/ptm/m/n/12 ish  
 []


Overfull \hbox (60.56761pt too wide) in paragraph at lines 32--32
[][][][]\OT1/ptm/m/n/12 @Boyana: 
 []


Overfull \hbox (27.62785pt too wide) in paragraph at lines 32--32
\OT1/ptm/m/n/12 Are 
 []


Overfull \hbox (33.6277pt too wide) in paragraph at lines 32--32
\OT1/ptm/m/n/12 there 
 []


Overfull \hbox (26.78806pt too wide) in paragraph at lines 32--32
\OT1/ptm/m/n/12 any 
 []


Overfull \hbox (28.29977pt too wide) in paragraph at lines 32--32
\OT1/ptm/m/n/12 ma- 
 []


Overfull \hbox (35.63174pt too wide) in paragraph at lines 32--32
\OT1/ptm/m/n/12 chine 
 []


Overfull \hbox (37.62366pt too wide) in paragraph at lines 32--32
\OT1/ptm/m/n/12 learn- 
 []


Overfull \hbox (24.97589pt too wide) in paragraph at lines 32--32
\OT1/ptm/m/n/12 ing 
 []


Overfull \hbox (36.96375pt too wide) in paragraph at lines 32--32
\OT1/ptm/m/n/12 based 
 []


Overfull \hbox (30.97545pt too wide) in paragraph at lines 32--32
\OT1/ptm/m/n/12 tests 
 []


Overfull \hbox (24.97589pt too wide) in paragraph at lines 32--32
\OT1/ptm/m/n/12 out 
 []


Overfull \hbox (33.6277pt too wide) in paragraph at lines 32--32
\OT1/ptm/m/n/12 there 
 []


Overfull \hbox (23.63193pt too wide) in paragraph at lines 32--32
\OT1/ptm/m/n/12 for 
 []


Overfull \hbox (30.30353pt too wide) in paragraph at lines 32--32
\OT1/ptm/m/n/12 test- 
 []


Overfull \hbox (24.97589pt too wide) in paragraph at lines 32--32
\OT1/ptm/m/n/12 ing 
 []


Overfull \hbox (30.00397pt too wide) in paragraph at lines 32--32
\OT1/ptm/m/n/12 how 
 []


Overfull \hbox (30.30365pt too wide) in paragraph at lines 32--32
\OT1/ptm/m/n/12 well 
 []


Overfull \hbox (24.30382pt too wide) in paragraph at lines 32--32
\OT1/ptm/m/n/12 the 
 []


Overfull \hbox (29.63174pt too wide) in paragraph at lines 32--32
\OT1/ptm/m/n/12 data 
 []


Overfull \hbox (22.9717pt too wide) in paragraph at lines 32--32
\OT1/ptm/m/n/12 set 
 []


Overfull \hbox (30.78401pt too wide) in paragraph at lines 32--32
\OT1/ptm/m/n/12 cov- 
 []


Overfull \hbox (23.63177pt too wide) in paragraph at lines 32--32
\OT1/ptm/m/n/12 ers 
 []


Overfull \hbox (24.30382pt too wide) in paragraph at lines 32--32
\OT1/ptm/m/n/12 the 
 []


Overfull \hbox (24.9639pt too wide) in paragraph at lines 32--32
\OT1/ptm/m/n/12 pa- 
 []


Overfull \hbox (32.29573pt too wide) in paragraph at lines 32--32
\OT1/ptm/m/n/12 ram- 
 []


Overfull \hbox (18.9639pt too wide) in paragraph at lines 32--32
\OT1/ptm/m/n/12 e- 
 []


Overfull \hbox (22.29977pt too wide) in paragraph at lines 32--32
\OT1/ptm/m/n/12 ter 
 []


Overfull \hbox (36.29167pt too wide) in paragraph at lines 32--32
\OT1/ptm/m/n/12 space 
 []


Overfull \hbox (19.63597pt too wide) in paragraph at lines 32--32
\OT1/ptm/m/n/12 of 
 []


Overfull \hbox (24.30382pt too wide) in paragraph at lines 32--32
\OT1/ptm/m/n/12 the 
 []


Overfull \hbox (28.28778pt too wide) in paragraph at lines 32--32
\OT1/ptm/m/n/12 fea- 
 []


Overfull \hbox (28.29977pt too wide) in paragraph at lines 32--32
\OT1/ptm/m/n/12 ture 
 []


Overfull \hbox (25.9717pt too wide) in paragraph at lines 32--32
\OT1/ptm/m/n/12 set. 
 []


Overfull \hbox (22.29993pt too wide) in paragraph at lines 32--32
\OT1/ptm/m/n/12 Or 
 []


Overfull \hbox (26.78806pt too wide) in paragraph at lines 32--32
\OT1/ptm/m/n/12 any 
 []


Overfull \hbox (34.29977pt too wide) in paragraph at lines 32--32
\OT1/ptm/m/n/12 other 
 []


Overfull \hbox (32.97964pt too wide) in paragraph at lines 32--32
\OT1/ptm/m/n/12 tools 
 []


Overfull \hbox (27.64001pt too wide) in paragraph at lines 32--32
\OT1/ptm/m/n/12 you 
 []


Overfull \hbox (26.29587pt too wide) in paragraph at lines 32--32
\OT1/ptm/m/n/12 can 
 []


Overfull \hbox (34.31177pt too wide) in paragraph at lines 32--32
\OT1/ptm/m/n/12 think 
 []


Overfull \hbox (22.63597pt too wide) in paragraph at lines 32--32
\OT1/ptm/m/n/12 of. 
 []


Overfull \hbox (13.63597pt too wide) in paragraph at lines 32--32
\OT1/ptm/m/n/12 I 
 []


Overfull \hbox (24.30382pt too wide) in paragraph at lines 32--32
\OT1/ptm/m/n/12 am 
 []


Overfull \hbox (18.30382pt too wide) in paragraph at lines 32--32
\OT1/ptm/m/n/12 at 
 []


Overfull \hbox (14.96794pt too wide) in paragraph at lines 32--32
\OT1/ptm/m/n/12 a 
 []


Overfull \hbox (31.31165pt too wide) in paragraph at lines 32--32
\OT1/ptm/m/n/12 loss. 
 []


Overfull \hbox (28.29993pt too wide) in paragraph at lines 32--32
\OT1/ptm/m/n/12 The 
 []


Overfull \hbox (30.12393pt too wide) in paragraph at lines 32--32
\OT1/ptm/m/n/12 next 
 []


Overfull \hbox (34.28778pt too wide) in paragraph at lines 32--32
\OT1/ptm/m/n/12 para- 
 []


Overfull \hbox (36.9639pt too wide) in paragraph at lines 32--32
\OT1/ptm/m/n/12 graph 
 []


Overfull \hbox (37.64764pt too wide) in paragraph at lines 32--32
\OT1/ptm/m/n/12 might 
 []


Overfull \hbox (30.78401pt too wide) in paragraph at lines 32--32
\OT1/ptm/m/n/12 very 
 []


Overfull \hbox (30.30365pt too wide) in paragraph at lines 32--32
\OT1/ptm/m/n/12 well 
 []


Overfull \hbox (20.96794pt too wide) in paragraph at lines 32--32
\OT1/ptm/m/n/12 be 
 []


Overfull \hbox (38.05579pt too wide) in paragraph at lines 32--32
\OT1/ptm/m/n/12 giber- 
 []


Overfull \hbox (23.64377pt too wide) in paragraph at lines 32--32
\OT1/ptm/m/n/12 ish  
 []


Overfull \hbox (7.99915pt too wide) in paragraph at lines 32--32
[][][] 
 []

[9]
Overfull \hbox (25.33594pt too wide) in paragraph at lines 45--45
[][][][]\OT1/ptm/m/n/12 We 
 []


Overfull \hbox (27.63972pt too wide) in paragraph at lines 45--45
\OT1/ptm/m/n/12 dis- 
 []


Overfull \hbox (41.63162pt too wide) in paragraph at lines 45--45
\OT1/ptm/m/n/12 cussed 
 []


Overfull \hbox (34.29962pt too wide) in paragraph at lines 45--45
\OT1/ptm/m/n/12 these 
 []


Overfull \hbox (48.30353pt too wide) in paragraph at lines 45--45
\OT1/ptm/m/n/12 Baysian 
 []


Overfull \hbox (37.63565pt too wide) in paragraph at lines 45--45
\OT1/ptm/m/n/12 meth- 
 []


Overfull \hbox (26.30789pt too wide) in paragraph at lines 45--45
\OT1/ptm/m/n/12 ods 
 []


Overfull \hbox (21.64001pt too wide) in paragraph at lines 45--45
\OT1/ptm/m/n/12 on 
 []


Overfull \hbox (24.30382pt too wide) in paragraph at lines 45--45
\OT1/ptm/m/n/12 the 
 []


Overfull \hbox (38.96794pt too wide) in paragraph at lines 45--45
\OT1/ptm/m/n/12 phone 
 []


Overfull \hbox (26.30757pt too wide) in paragraph at lines 45--45
\OT1/ptm/m/n/12 last 
 []


Overfull \hbox (37.95982pt too wide) in paragraph at lines 45--45
\OT1/ptm/m/n/12 week, 
 []


Overfull \hbox (26.96794pt too wide) in paragraph at lines 45--45
\OT1/ptm/m/n/12 and 
 []


Overfull \hbox (26.97964pt too wide) in paragraph at lines 45--45
\OT1/ptm/m/n/12 this 
 []


Overfull \hbox (28.1798pt too wide) in paragraph at lines 45--45
\OT1/ptm/m/n/12 was 
 []


Overfull \hbox (24.97589pt too wide) in paragraph at lines 45--45
\OT1/ptm/m/n/12 my 
 []


Overfull \hbox (28.9717pt too wide) in paragraph at lines 45--45
\OT1/ptm/m/n/12 best 
 []


Overfull \hbox (36.3037pt too wide) in paragraph at lines 45--45
\OT1/ptm/m/n/12 guess 
 []


Overfull \hbox (18.30382pt too wide) in paragraph at lines 45--45
\OT1/ptm/m/n/12 at 
 []


Overfull \hbox (32.96777pt too wide) in paragraph at lines 45--45
\OT1/ptm/m/n/12 what 
 []


Overfull \hbox (27.6397pt too wide) in paragraph at lines 45--45
\OT1/ptm/m/n/12 that 
 []


Overfull \hbox (37.64764pt too wide) in paragraph at lines 45--45
\OT1/ptm/m/n/12 might 
 []


Overfull \hbox (30.97589pt too wide) in paragraph at lines 45--45
\OT1/ptm/m/n/12 look 
 []


Overfull \hbox (30.51971pt too wide) in paragraph at lines 45--45
\OT1/ptm/m/n/12 like. 
 []


Overfull \hbox (29.9798pt too wide) in paragraph at lines 45--45
\OT1/ptm/m/n/12 But, 
 []


Overfull \hbox (13.63597pt too wide) in paragraph at lines 45--45
\OT1/ptm/m/n/12 I 
 []


Overfull \hbox (24.30382pt too wide) in paragraph at lines 45--45
\OT1/ptm/m/n/12 am 
 []


Overfull \hbox (14.96794pt too wide) in paragraph at lines 45--45
\OT1/ptm/m/n/12 a 
 []


Overfull \hbox (22.31177pt too wide) in paragraph at lines 45--45
\OT1/ptm/m/n/12 lot 
 []


Overfull \hbox (28.31177pt too wide) in paragraph at lines 45--45
\OT1/ptm/m/n/12 thin 
 []


Overfull \hbox (21.64001pt too wide) in paragraph at lines 45--45
\OT1/ptm/m/n/12 on 
 []


Overfull \hbox (24.30382pt too wide) in paragraph at lines 45--45
\OT1/ptm/m/n/12 the 
 []


Overfull \hbox (24.9639pt too wide) in paragraph at lines 45--45
\OT1/ptm/m/n/12 de- 
 []


Overfull \hbox (32.64345pt too wide) in paragraph at lines 45--45
\OT1/ptm/m/n/12 tails. 
 []


Overfull \hbox (30.12408pt too wide) in paragraph at lines 45--45
\OT1/ptm/m/n/12 Any 
 []


Overfull \hbox (39.62755pt too wide) in paragraph at lines 45--45
\OT1/ptm/m/n/12 ideas?  
 []


Overfull \hbox (25.33594pt too wide) in paragraph at lines 45--45
[][][][]\OT1/ptm/m/n/12 We 
 []


Overfull \hbox (27.63972pt too wide) in paragraph at lines 45--45
\OT1/ptm/m/n/12 dis- 
 []


Overfull \hbox (41.63162pt too wide) in paragraph at lines 45--45
\OT1/ptm/m/n/12 cussed 
 []


Overfull \hbox (34.29962pt too wide) in paragraph at lines 45--45
\OT1/ptm/m/n/12 these 
 []


Overfull \hbox (48.30353pt too wide) in paragraph at lines 45--45
\OT1/ptm/m/n/12 Baysian 
 []


Overfull \hbox (37.63565pt too wide) in paragraph at lines 45--45
\OT1/ptm/m/n/12 meth- 
 []


Overfull \hbox (26.30789pt too wide) in paragraph at lines 45--45
\OT1/ptm/m/n/12 ods 
 []


Overfull \hbox (21.64001pt too wide) in paragraph at lines 45--45
\OT1/ptm/m/n/12 on 
 []


Overfull \hbox (24.30382pt too wide) in paragraph at lines 45--45
\OT1/ptm/m/n/12 the 
 []


Overfull \hbox (38.96794pt too wide) in paragraph at lines 45--45
\OT1/ptm/m/n/12 phone 
 []


Overfull \hbox (26.30757pt too wide) in paragraph at lines 45--45
\OT1/ptm/m/n/12 last 
 []


Overfull \hbox (37.95982pt too wide) in paragraph at lines 45--45
\OT1/ptm/m/n/12 week, 
 []


Overfull \hbox (26.96794pt too wide) in paragraph at lines 45--45
\OT1/ptm/m/n/12 and 
 []


Overfull \hbox (26.97964pt too wide) in paragraph at lines 45--45
\OT1/ptm/m/n/12 this 
 []


Overfull \hbox (28.1798pt too wide) in paragraph at lines 45--45
\OT1/ptm/m/n/12 was 
 []


Overfull \hbox (24.97589pt too wide) in paragraph at lines 45--45
\OT1/ptm/m/n/12 my 
 []


Overfull \hbox (28.9717pt too wide) in paragraph at lines 45--45
\OT1/ptm/m/n/12 best 
 []


Overfull \hbox (36.3037pt too wide) in paragraph at lines 45--45
\OT1/ptm/m/n/12 guess 
 []


Overfull \hbox (18.30382pt too wide) in paragraph at lines 45--45
\OT1/ptm/m/n/12 at 
 []


Overfull \hbox (32.96777pt too wide) in paragraph at lines 45--45
\OT1/ptm/m/n/12 what 
 []


Overfull \hbox (27.6397pt too wide) in paragraph at lines 45--45
\OT1/ptm/m/n/12 that 
 []


Overfull \hbox (37.64764pt too wide) in paragraph at lines 45--45
\OT1/ptm/m/n/12 might 
 []


Overfull \hbox (30.97589pt too wide) in paragraph at lines 45--45
\OT1/ptm/m/n/12 look 
 []


Overfull \hbox (30.51971pt too wide) in paragraph at lines 45--45
\OT1/ptm/m/n/12 like. 
 []


Overfull \hbox (29.9798pt too wide) in paragraph at lines 45--45
\OT1/ptm/m/n/12 But, 
 []


Overfull \hbox (13.63597pt too wide) in paragraph at lines 45--45
\OT1/ptm/m/n/12 I 
 []


Overfull \hbox (24.30382pt too wide) in paragraph at lines 45--45
\OT1/ptm/m/n/12 am 
 []


Overfull \hbox (14.96794pt too wide) in paragraph at lines 45--45
\OT1/ptm/m/n/12 a 
 []


Overfull \hbox (22.31177pt too wide) in paragraph at lines 45--45
\OT1/ptm/m/n/12 lot 
 []


Overfull \hbox (28.31177pt too wide) in paragraph at lines 45--45
\OT1/ptm/m/n/12 thin 
 []


Overfull \hbox (21.64001pt too wide) in paragraph at lines 45--45
\OT1/ptm/m/n/12 on 
 []


Overfull \hbox (24.30382pt too wide) in paragraph at lines 45--45
\OT1/ptm/m/n/12 the 
 []


Overfull \hbox (24.9639pt too wide) in paragraph at lines 45--45
\OT1/ptm/m/n/12 de- 
 []


Overfull \hbox (32.64345pt too wide) in paragraph at lines 45--45
\OT1/ptm/m/n/12 tails. 
 []


Overfull \hbox (30.12408pt too wide) in paragraph at lines 45--45
\OT1/ptm/m/n/12 Any 
 []


Overfull \hbox (39.62755pt too wide) in paragraph at lines 45--45
\OT1/ptm/m/n/12 ideas?  
 []


Overfull \hbox (7.99915pt too wide) in paragraph at lines 45--45
[][][] 
 []


Overfull \hbox (25.33594pt too wide) in paragraph at lines 45--45
[][][][]\OT1/ptm/m/n/12 We 
 []


Overfull \hbox (27.63972pt too wide) in paragraph at lines 45--45
\OT1/ptm/m/n/12 dis- 
 []


Overfull \hbox (41.63162pt too wide) in paragraph at lines 45--45
\OT1/ptm/m/n/12 cussed 
 []


Overfull \hbox (34.29962pt too wide) in paragraph at lines 45--45
\OT1/ptm/m/n/12 these 
 []


Overfull \hbox (48.30353pt too wide) in paragraph at lines 45--45
\OT1/ptm/m/n/12 Baysian 
 []


Overfull \hbox (37.63565pt too wide) in paragraph at lines 45--45
\OT1/ptm/m/n/12 meth- 
 []


Overfull \hbox (26.30789pt too wide) in paragraph at lines 45--45
\OT1/ptm/m/n/12 ods 
 []


Overfull \hbox (21.64001pt too wide) in paragraph at lines 45--45
\OT1/ptm/m/n/12 on 
 []


Overfull \hbox (24.30382pt too wide) in paragraph at lines 45--45
\OT1/ptm/m/n/12 the 
 []


Overfull \hbox (38.96794pt too wide) in paragraph at lines 45--45
\OT1/ptm/m/n/12 phone 
 []


Overfull \hbox (26.30757pt too wide) in paragraph at lines 45--45
\OT1/ptm/m/n/12 last 
 []


Overfull \hbox (37.95982pt too wide) in paragraph at lines 45--45
\OT1/ptm/m/n/12 week, 
 []


Overfull \hbox (26.96794pt too wide) in paragraph at lines 45--45
\OT1/ptm/m/n/12 and 
 []


Overfull \hbox (26.97964pt too wide) in paragraph at lines 45--45
\OT1/ptm/m/n/12 this 
 []


Overfull \hbox (28.1798pt too wide) in paragraph at lines 45--45
\OT1/ptm/m/n/12 was 
 []


Overfull \hbox (24.97589pt too wide) in paragraph at lines 45--45
\OT1/ptm/m/n/12 my 
 []


Overfull \hbox (28.9717pt too wide) in paragraph at lines 45--45
\OT1/ptm/m/n/12 best 
 []


Overfull \hbox (36.3037pt too wide) in paragraph at lines 45--45
\OT1/ptm/m/n/12 guess 
 []


Overfull \hbox (18.30382pt too wide) in paragraph at lines 45--45
\OT1/ptm/m/n/12 at 
 []


Overfull \hbox (32.96777pt too wide) in paragraph at lines 45--45
\OT1/ptm/m/n/12 what 
 []


Overfull \hbox (27.6397pt too wide) in paragraph at lines 45--45
\OT1/ptm/m/n/12 that 
 []


Overfull \hbox (37.64764pt too wide) in paragraph at lines 45--45
\OT1/ptm/m/n/12 might 
 []


Overfull \hbox (30.97589pt too wide) in paragraph at lines 45--45
\OT1/ptm/m/n/12 look 
 []


Overfull \hbox (30.51971pt too wide) in paragraph at lines 45--45
\OT1/ptm/m/n/12 like. 
 []


Overfull \hbox (29.9798pt too wide) in paragraph at lines 45--45
\OT1/ptm/m/n/12 But, 
 []


Overfull \hbox (13.63597pt too wide) in paragraph at lines 45--45
\OT1/ptm/m/n/12 I 
 []


Overfull \hbox (24.30382pt too wide) in paragraph at lines 45--45
\OT1/ptm/m/n/12 am 
 []


Overfull \hbox (14.96794pt too wide) in paragraph at lines 45--45
\OT1/ptm/m/n/12 a 
 []


Overfull \hbox (22.31177pt too wide) in paragraph at lines 45--45
\OT1/ptm/m/n/12 lot 
 []


Overfull \hbox (28.31177pt too wide) in paragraph at lines 45--45
\OT1/ptm/m/n/12 thin 
 []


Overfull \hbox (21.64001pt too wide) in paragraph at lines 45--45
\OT1/ptm/m/n/12 on 
 []


Overfull \hbox (24.30382pt too wide) in paragraph at lines 45--45
\OT1/ptm/m/n/12 the 
 []


Overfull \hbox (24.9639pt too wide) in paragraph at lines 45--45
\OT1/ptm/m/n/12 de- 
 []


Overfull \hbox (32.64345pt too wide) in paragraph at lines 45--45
\OT1/ptm/m/n/12 tails. 
 []


Overfull \hbox (30.12408pt too wide) in paragraph at lines 45--45
\OT1/ptm/m/n/12 Any 
 []


Overfull \hbox (39.62755pt too wide) in paragraph at lines 45--45
\OT1/ptm/m/n/12 ideas?  
 []


Overfull \hbox (25.33594pt too wide) in paragraph at lines 45--45
[][][][]\OT1/ptm/m/n/12 We 
 []


Overfull \hbox (27.63972pt too wide) in paragraph at lines 45--45
\OT1/ptm/m/n/12 dis- 
 []


Overfull \hbox (41.63162pt too wide) in paragraph at lines 45--45
\OT1/ptm/m/n/12 cussed 
 []


Overfull \hbox (34.29962pt too wide) in paragraph at lines 45--45
\OT1/ptm/m/n/12 these 
 []


Overfull \hbox (48.30353pt too wide) in paragraph at lines 45--45
\OT1/ptm/m/n/12 Baysian 
 []


Overfull \hbox (37.63565pt too wide) in paragraph at lines 45--45
\OT1/ptm/m/n/12 meth- 
 []


Overfull \hbox (26.30789pt too wide) in paragraph at lines 45--45
\OT1/ptm/m/n/12 ods 
 []


Overfull \hbox (21.64001pt too wide) in paragraph at lines 45--45
\OT1/ptm/m/n/12 on 
 []


Overfull \hbox (24.30382pt too wide) in paragraph at lines 45--45
\OT1/ptm/m/n/12 the 
 []


Overfull \hbox (38.96794pt too wide) in paragraph at lines 45--45
\OT1/ptm/m/n/12 phone 
 []


Overfull \hbox (26.30757pt too wide) in paragraph at lines 45--45
\OT1/ptm/m/n/12 last 
 []


Overfull \hbox (37.95982pt too wide) in paragraph at lines 45--45
\OT1/ptm/m/n/12 week, 
 []


Overfull \hbox (26.96794pt too wide) in paragraph at lines 45--45
\OT1/ptm/m/n/12 and 
 []


Overfull \hbox (26.97964pt too wide) in paragraph at lines 45--45
\OT1/ptm/m/n/12 this 
 []


Overfull \hbox (28.1798pt too wide) in paragraph at lines 45--45
\OT1/ptm/m/n/12 was 
 []


Overfull \hbox (24.97589pt too wide) in paragraph at lines 45--45
\OT1/ptm/m/n/12 my 
 []


Overfull \hbox (28.9717pt too wide) in paragraph at lines 45--45
\OT1/ptm/m/n/12 best 
 []


Overfull \hbox (36.3037pt too wide) in paragraph at lines 45--45
\OT1/ptm/m/n/12 guess 
 []


Overfull \hbox (18.30382pt too wide) in paragraph at lines 45--45
\OT1/ptm/m/n/12 at 
 []


Overfull \hbox (32.96777pt too wide) in paragraph at lines 45--45
\OT1/ptm/m/n/12 what 
 []


Overfull \hbox (27.6397pt too wide) in paragraph at lines 45--45
\OT1/ptm/m/n/12 that 
 []


Overfull \hbox (37.64764pt too wide) in paragraph at lines 45--45
\OT1/ptm/m/n/12 might 
 []


Overfull \hbox (30.97589pt too wide) in paragraph at lines 45--45
\OT1/ptm/m/n/12 look 
 []


Overfull \hbox (30.51971pt too wide) in paragraph at lines 45--45
\OT1/ptm/m/n/12 like. 
 []


Overfull \hbox (29.9798pt too wide) in paragraph at lines 45--45
\OT1/ptm/m/n/12 But, 
 []


Overfull \hbox (13.63597pt too wide) in paragraph at lines 45--45
\OT1/ptm/m/n/12 I 
 []


Overfull \hbox (24.30382pt too wide) in paragraph at lines 45--45
\OT1/ptm/m/n/12 am 
 []


Overfull \hbox (14.96794pt too wide) in paragraph at lines 45--45
\OT1/ptm/m/n/12 a 
 []


Overfull \hbox (22.31177pt too wide) in paragraph at lines 45--45
\OT1/ptm/m/n/12 lot 
 []


Overfull \hbox (28.31177pt too wide) in paragraph at lines 45--45
\OT1/ptm/m/n/12 thin 
 []


Overfull \hbox (21.64001pt too wide) in paragraph at lines 45--45
\OT1/ptm/m/n/12 on 
 []


Overfull \hbox (24.30382pt too wide) in paragraph at lines 45--45
\OT1/ptm/m/n/12 the 
 []


Overfull \hbox (24.9639pt too wide) in paragraph at lines 45--45
\OT1/ptm/m/n/12 de- 
 []


Overfull \hbox (32.64345pt too wide) in paragraph at lines 45--45
\OT1/ptm/m/n/12 tails. 
 []


Overfull \hbox (30.12408pt too wide) in paragraph at lines 45--45
\OT1/ptm/m/n/12 Any 
 []


Overfull \hbox (39.62755pt too wide) in paragraph at lines 45--45
\OT1/ptm/m/n/12 ideas?  
 []


Overfull \hbox (7.99915pt too wide) in paragraph at lines 45--45
[][][] 
 []

\c@taskCount=\count144
[10] [11pdfTeX warning (ext4): destination with the same identifier (name{figur
e.1}) has been already used, duplicate ignored

\AtBegShi@Output ...ipout \box \AtBeginShipoutBox 
                                                  \fi \fi 
l.143 R
       NET and UO will collaborate closley on this task.]
Overfull \hbox (60.23174pt too wide) in paragraph at lines 147--147
[][][][]\OT1/ptm/m/n/12 @Boyana, 
 []


Overfull \hbox (31.63582pt too wide) in paragraph at lines 147--147
\OT1/ptm/m/n/12 does 
 []


Overfull \hbox (26.97964pt too wide) in paragraph at lines 147--147
\OT1/ptm/m/n/12 this 
 []


Overfull \hbox (34.29962pt too wide) in paragraph at lines 147--147
\OT1/ptm/m/n/12 seem 
 []


Overfull \hbox (27.51971pt too wide) in paragraph at lines 147--147
\OT1/ptm/m/n/12 like 
 []


Overfull \hbox (14.96794pt too wide) in paragraph at lines 147--147
\OT1/ptm/m/n/12 a 
 []


Overfull \hbox (33.64001pt too wide) in paragraph at lines 147--147
\OT1/ptm/m/n/12 good 
 []


Overfull \hbox (40.95967pt too wide) in paragraph at lines 147--147
\OT1/ptm/m/n/12 choice 
 []


Overfull \hbox (23.63193pt too wide) in paragraph at lines 147--147
\OT1/ptm/m/n/12 for 
 []


Overfull \hbox (14.96794pt too wide) in paragraph at lines 147--147
\OT1/ptm/m/n/12 a 
 []


Overfull \hbox (46.29977pt too wide) in paragraph at lines 147--147
\OT1/ptm/m/n/12 demon- 
 []


Overfull \hbox (30.96361pt too wide) in paragraph at lines 147--147
\OT1/ptm/m/n/12 stra- 
 []


Overfull \hbox (28.31177pt too wide) in paragraph at lines 147--147
\OT1/ptm/m/n/12 tion 
 []


Overfull \hbox (13.63597pt too wide) in paragraph at lines 147--147
\OT1/ptm/m/n/12 ( 
 []


Overfull \hbox (26.96794pt too wide) in paragraph at lines 147--147
\OT1/ptm/m/n/12 and 
 []


Overfull \hbox (21.64001pt too wide) in paragraph at lines 147--147
\OT1/ptm/m/n/12 do 
 []


Overfull \hbox (27.64001pt too wide) in paragraph at lines 147--147
\OT1/ptm/m/n/12 you 
 []


Overfull \hbox (34.31177pt too wide) in paragraph at lines 147--147
\OT1/ptm/m/n/12 think 
 []


Overfull \hbox (23.6319pt too wide) in paragraph at lines 147--147
\OT1/ptm/m/n/12 we 
 []


Overfull \hbox (31.81598pt too wide) in paragraph at lines 147--147
\OT1/ptm/m/n/12 even 
 []


Overfull \hbox (32.29587pt too wide) in paragraph at lines 147--147
\OT1/ptm/m/n/12 need 
 []


Overfull \hbox (26.96794pt too wide) in paragraph at lines 147--147
\OT1/ptm/m/n/12 one 
 []


Overfull \hbox (18.30382pt too wide) in paragraph at lines 147--147
\OT1/ptm/m/n/12 at 
 []


Overfull \hbox (26.97964pt too wide) in paragraph at lines 147--147
\OT1/ptm/m/n/12 this 
 []


Overfull \hbox (34.31177pt too wide) in paragraph at lines 147--147
\OT1/ptm/m/n/12 point 
 []


Overfull \hbox (13.63597pt too wide) in paragraph at lines 147--147
\OT1/ptm/m/n/12 )  
 []


Overfull \hbox (60.23174pt too wide) in paragraph at lines 147--147
[][][][]\OT1/ptm/m/n/12 @Boyana, 
 []


Overfull \hbox (31.63582pt too wide) in paragraph at lines 147--147
\OT1/ptm/m/n/12 does 
 []


Overfull \hbox (26.97964pt too wide) in paragraph at lines 147--147
\OT1/ptm/m/n/12 this 
 []


Overfull \hbox (34.29962pt too wide) in paragraph at lines 147--147
\OT1/ptm/m/n/12 seem 
 []


Overfull \hbox (27.51971pt too wide) in paragraph at lines 147--147
\OT1/ptm/m/n/12 like 
 []


Overfull \hbox (14.96794pt too wide) in paragraph at lines 147--147
\OT1/ptm/m/n/12 a 
 []


Overfull \hbox (33.64001pt too wide) in paragraph at lines 147--147
\OT1/ptm/m/n/12 good 
 []


Overfull \hbox (40.95967pt too wide) in paragraph at lines 147--147
\OT1/ptm/m/n/12 choice 
 []


Overfull \hbox (23.63193pt too wide) in paragraph at lines 147--147
\OT1/ptm/m/n/12 for 
 []


Overfull \hbox (14.96794pt too wide) in paragraph at lines 147--147
\OT1/ptm/m/n/12 a 
 []


Overfull \hbox (46.29977pt too wide) in paragraph at lines 147--147
\OT1/ptm/m/n/12 demon- 
 []


Overfull \hbox (30.96361pt too wide) in paragraph at lines 147--147
\OT1/ptm/m/n/12 stra- 
 []


Overfull \hbox (28.31177pt too wide) in paragraph at lines 147--147
\OT1/ptm/m/n/12 tion 
 []


Overfull \hbox (13.63597pt too wide) in paragraph at lines 147--147
\OT1/ptm/m/n/12 ( 
 []


Overfull \hbox (26.96794pt too wide) in paragraph at lines 147--147
\OT1/ptm/m/n/12 and 
 []


Overfull \hbox (21.64001pt too wide) in paragraph at lines 147--147
\OT1/ptm/m/n/12 do 
 []


Overfull \hbox (27.64001pt too wide) in paragraph at lines 147--147
\OT1/ptm/m/n/12 you 
 []


Overfull \hbox (34.31177pt too wide) in paragraph at lines 147--147
\OT1/ptm/m/n/12 think 
 []


Overfull \hbox (23.6319pt too wide) in paragraph at lines 147--147
\OT1/ptm/m/n/12 we 
 []


Overfull \hbox (31.81598pt too wide) in paragraph at lines 147--147
\OT1/ptm/m/n/12 even 
 []


Overfull \hbox (32.29587pt too wide) in paragraph at lines 147--147
\OT1/ptm/m/n/12 need 
 []


Overfull \hbox (26.96794pt too wide) in paragraph at lines 147--147
\OT1/ptm/m/n/12 one 
 []


Overfull \hbox (18.30382pt too wide) in paragraph at lines 147--147
\OT1/ptm/m/n/12 at 
 []


Overfull \hbox (26.97964pt too wide) in paragraph at lines 147--147
\OT1/ptm/m/n/12 this 
 []


Overfull \hbox (34.31177pt too wide) in paragraph at lines 147--147
\OT1/ptm/m/n/12 point 
 []


Overfull \hbox (13.63597pt too wide) in paragraph at lines 147--147
\OT1/ptm/m/n/12 )  
 []


Overfull \hbox (7.99915pt too wide) in paragraph at lines 147--147
[][][] 
 []


Overfull \hbox (60.23174pt too wide) in paragraph at lines 147--147
[][][][]\OT1/ptm/m/n/12 @Boyana, 
 []


Overfull \hbox (31.63582pt too wide) in paragraph at lines 147--147
\OT1/ptm/m/n/12 does 
 []


Overfull \hbox (26.97964pt too wide) in paragraph at lines 147--147
\OT1/ptm/m/n/12 this 
 []


Overfull \hbox (34.29962pt too wide) in paragraph at lines 147--147
\OT1/ptm/m/n/12 seem 
 []


Overfull \hbox (27.51971pt too wide) in paragraph at lines 147--147
\OT1/ptm/m/n/12 like 
 []


Overfull \hbox (14.96794pt too wide) in paragraph at lines 147--147
\OT1/ptm/m/n/12 a 
 []


Overfull \hbox (33.64001pt too wide) in paragraph at lines 147--147
\OT1/ptm/m/n/12 good 
 []


Overfull \hbox (40.95967pt too wide) in paragraph at lines 147--147
\OT1/ptm/m/n/12 choice 
 []


Overfull \hbox (23.63193pt too wide) in paragraph at lines 147--147
\OT1/ptm/m/n/12 for 
 []


Overfull \hbox (14.96794pt too wide) in paragraph at lines 147--147
\OT1/ptm/m/n/12 a 
 []


Overfull \hbox (46.29977pt too wide) in paragraph at lines 147--147
\OT1/ptm/m/n/12 demon- 
 []


Overfull \hbox (30.96361pt too wide) in paragraph at lines 147--147
\OT1/ptm/m/n/12 stra- 
 []


Overfull \hbox (28.31177pt too wide) in paragraph at lines 147--147
\OT1/ptm/m/n/12 tion 
 []


Overfull \hbox (13.63597pt too wide) in paragraph at lines 147--147
\OT1/ptm/m/n/12 ( 
 []


Overfull \hbox (26.96794pt too wide) in paragraph at lines 147--147
\OT1/ptm/m/n/12 and 
 []


Overfull \hbox (21.64001pt too wide) in paragraph at lines 147--147
\OT1/ptm/m/n/12 do 
 []


Overfull \hbox (27.64001pt too wide) in paragraph at lines 147--147
\OT1/ptm/m/n/12 you 
 []


Overfull \hbox (34.31177pt too wide) in paragraph at lines 147--147
\OT1/ptm/m/n/12 think 
 []


Overfull \hbox (23.6319pt too wide) in paragraph at lines 147--147
\OT1/ptm/m/n/12 we 
 []


Overfull \hbox (31.81598pt too wide) in paragraph at lines 147--147
\OT1/ptm/m/n/12 even 
 []


Overfull \hbox (32.29587pt too wide) in paragraph at lines 147--147
\OT1/ptm/m/n/12 need 
 []


Overfull \hbox (26.96794pt too wide) in paragraph at lines 147--147
\OT1/ptm/m/n/12 one 
 []


Overfull \hbox (18.30382pt too wide) in paragraph at lines 147--147
\OT1/ptm/m/n/12 at 
 []


Overfull \hbox (26.97964pt too wide) in paragraph at lines 147--147
\OT1/ptm/m/n/12 this 
 []


Overfull \hbox (34.31177pt too wide) in paragraph at lines 147--147
\OT1/ptm/m/n/12 point 
 []


Overfull \hbox (13.63597pt too wide) in paragraph at lines 147--147
\OT1/ptm/m/n/12 )  
 []


Overfull \hbox (60.23174pt too wide) in paragraph at lines 147--147
[][][][]\OT1/ptm/m/n/12 @Boyana, 
 []


Overfull \hbox (31.63582pt too wide) in paragraph at lines 147--147
\OT1/ptm/m/n/12 does 
 []


Overfull \hbox (26.97964pt too wide) in paragraph at lines 147--147
\OT1/ptm/m/n/12 this 
 []


Overfull \hbox (34.29962pt too wide) in paragraph at lines 147--147
\OT1/ptm/m/n/12 seem 
 []


Overfull \hbox (27.51971pt too wide) in paragraph at lines 147--147
\OT1/ptm/m/n/12 like 
 []


Overfull \hbox (14.96794pt too wide) in paragraph at lines 147--147
\OT1/ptm/m/n/12 a 
 []


Overfull \hbox (33.64001pt too wide) in paragraph at lines 147--147
\OT1/ptm/m/n/12 good 
 []


Overfull \hbox (40.95967pt too wide) in paragraph at lines 147--147
\OT1/ptm/m/n/12 choice 
 []


Overfull \hbox (23.63193pt too wide) in paragraph at lines 147--147
\OT1/ptm/m/n/12 for 
 []


Overfull \hbox (14.96794pt too wide) in paragraph at lines 147--147
\OT1/ptm/m/n/12 a 
 []


Overfull \hbox (46.29977pt too wide) in paragraph at lines 147--147
\OT1/ptm/m/n/12 demon- 
 []


Overfull \hbox (30.96361pt too wide) in paragraph at lines 147--147
\OT1/ptm/m/n/12 stra- 
 []


Overfull \hbox (28.31177pt too wide) in paragraph at lines 147--147
\OT1/ptm/m/n/12 tion 
 []


Overfull \hbox (13.63597pt too wide) in paragraph at lines 147--147
\OT1/ptm/m/n/12 ( 
 []


Overfull \hbox (26.96794pt too wide) in paragraph at lines 147--147
\OT1/ptm/m/n/12 and 
 []


Overfull \hbox (21.64001pt too wide) in paragraph at lines 147--147
\OT1/ptm/m/n/12 do 
 []


Overfull \hbox (27.64001pt too wide) in paragraph at lines 147--147
\OT1/ptm/m/n/12 you 
 []


Overfull \hbox (34.31177pt too wide) in paragraph at lines 147--147
\OT1/ptm/m/n/12 think 
 []


Overfull \hbox (23.6319pt too wide) in paragraph at lines 147--147
\OT1/ptm/m/n/12 we 
 []


Overfull \hbox (31.81598pt too wide) in paragraph at lines 147--147
\OT1/ptm/m/n/12 even 
 []


Overfull \hbox (32.29587pt too wide) in paragraph at lines 147--147
\OT1/ptm/m/n/12 need 
 []


Overfull \hbox (26.96794pt too wide) in paragraph at lines 147--147
\OT1/ptm/m/n/12 one 
 []


Overfull \hbox (18.30382pt too wide) in paragraph at lines 147--147
\OT1/ptm/m/n/12 at 
 []


Overfull \hbox (26.97964pt too wide) in paragraph at lines 147--147
\OT1/ptm/m/n/12 this 
 []


Overfull \hbox (34.31177pt too wide) in paragraph at lines 147--147
\OT1/ptm/m/n/12 point 
 []


Overfull \hbox (13.63597pt too wide) in paragraph at lines 147--147
\OT1/ptm/m/n/12 )  
 []


Overfull \hbox (7.99915pt too wide) in paragraph at lines 147--147
[][][] 
 []

) (./narrative/related.tex [12]) (./narrative/personnel.tex [13])
(./narrative/facilities.tex) (./narrative/consultants.tex [14]))
(./Narrative.bbl) [15]
Package atveryend Info: Empty hook `BeforeClearDocument' on input line 70.
Package atveryend Info: Empty hook `AfterLastShipout' on input line 70.
 (./Narrative.aux)
Package atveryend Info: Executing hook `AtVeryEndDocument' on input line 70.
Package atveryend Info: Executing hook `AtEndAfterFileList' on input line 70.
Package rerunfilecheck Info: File `Narrative.out' has not changed.
(rerunfilecheck)             Checksum: 8D6705969EC6EA40D256E8AF4ADF12E9;2592.


LaTeX Font Warning: Some font shapes were not available, defaults substituted.

Package atveryend Info: Empty hook `AtVeryVeryEnd' on input line 70.
 )
(\end occurred when \ifcase on line 112 was incomplete)
(\end occurred when \ifx on line 112 was incomplete)
(\end occurred when \ifx on line 112 was incomplete) 
Here is how much of TeX's memory you used:
 18533 strings out of 494847
 338089 string characters out of 6179079
 426843 words of memory out of 5000000
 21412 multiletter control sequences out of 15000+600000
 21384 words of font info for 49 fonts, out of 8000000 for 9000
 63 hyphenation exceptions out of 8191
 62i,12n,76p,1654b,708s stack positions out of 5000i,500n,10000p,200000b,80000s
{/usr/share/texlive/texmf-d
ist/fonts/enc/dvips/base/8r.enc}</usr/share/texlive/texmf-dist/fonts/type1/publ
ic/amsfonts/cm/cmbx12.pfb></usr/share/texlive/texmf-dist/fonts/type1/public/ams
fonts/cm/cmmi12.pfb></usr/share/texlive/texmf-dist/fonts/type1/public/amsfonts/
cm/cmr10.pfb></usr/share/texlive/texmf-dist/fonts/type1/public/amsfonts/cm/cmr1
2.pfb></usr/share/texlive/texmf-dist/fonts/type1/public/amsfonts/cm/cmsy10.pfb>
</usr/share/texlive/texmf-dist/fonts/type1/urw/courier/ucrr8a.pfb></usr/share/t
exlive/texmf-dist/fonts/type1/urw/times/utmb8a.pfb></usr/share/texlive/texmf-di
st/fonts/type1/urw/times/utmr8a.pfb></usr/share/texlive/texmf-dist/fonts/type1/
urw/times/utmri8a.pfb>
Output written on Narrative.pdf (15 pages, 149417 bytes).
PDF statistics:
 277 PDF objects out of 1000 (max. 8388607)
 248 compressed objects within 3 object streams
 61 named destinations out of 1000 (max. 500000)
 245 words of extra memory for PDF output out of 10000 (max. 10000000)

